[2025-07-16T15:39:10.019Z] [DEBUG] REQUEST: {
  "timestamp": "2025-07-16T15:39:10.019Z",
  "type": "ListTools"
}
[2025-07-16T15:39:10.019Z] [DEBUG] RESPONSE: {
  "timestamp": "2025-07-16T15:39:10.019Z",
  "type": "ListTools",
  "response": {
    "tools": [
      {
        "name": "stagehand_navigate",
        "description": "Navigate to a URL in the browser. Only use this tool with URLs you're confident will work and stay up to date. Otheriwse use https://google.com as the starting point",
        "inputSchema": {
          "type": "object",
          "properties": {
            "url": {
              "type": "string",
              "description": "The URL to navigate to"
            }
          },
          "required": [
            "url"
          ]
        }
      },
      {
        "name": "stagehand_act",
        "description": "Performs an action on a web page element. Act actions should be as atomic and \n      specific as possible, i.e. \"Click the sign in button\" or \"Type 'hello' into the search input\". \n      AVOID actions that are more than one step, i.e. \"Order me pizza\" or \"Send an email to Paul \n      asking him to call me\". ",
        "inputSchema": {
          "type": "object",
          "properties": {
            "action": {
              "type": "string",
              "description": "The action to perform. Should be as atomic and specific as possible, \n          i.e. 'Click the sign in button' or 'Type 'hello' into the search input'. AVOID actions that are more than one \n          step, i.e. 'Order me pizza' or 'Send an email to Paul asking him to call me'. The instruction should be just as specific as possible, \n          and have a strong correlation to the text on the page. If unsure, use observe before using act.\""
            },
            "variables": {
              "type": "object",
              "additionalProperties": true,
              "description": "Variables used in the action template. ONLY use variables if you're dealing \n            with sensitive data or dynamic content. For example, if you're logging in to a website, \n            you can use a variable for the password. When using variables, you MUST have the variable\n            key in the action template. For example: {\"action\": \"Fill in the password\", \"variables\": {\"password\": \"123456\"}}"
            }
          },
          "required": [
            "action"
          ]
        }
      },
      {
        "name": "stagehand_extract",
        "description": "Extracts all of the text from the current page.",
        "inputSchema": {
          "type": "object",
          "properties": {}
        }
      },
      {
        "name": "stagehand_observe",
        "description": "Observes elements on the web page. Use this tool to observe elements that you can later use in an action. Use observe instead of extract when dealing with actionable (interactable) elements rather than text. More often than not, you'll want to use extract instead of observe when dealing with scraping or extracting structured text.",
        "inputSchema": {
          "type": "object",
          "properties": {
            "instruction": {
              "type": "string",
              "description": "Instruction for observation (e.g., 'find the login button'). This instruction must be extremely specific."
            }
          },
          "required": [
            "instruction"
          ]
        }
      },
      {
        "name": "screenshot",
        "description": "Takes a screenshot of the current page. Use this tool to learn where you are on the page when controlling the browser with Stagehand. Only use this tool when the other tools are not sufficient to get the information you need.",
        "inputSchema": {
          "type": "object",
          "properties": {}
        }
      }
    ]
  }
}
[2025-07-16T15:39:10.020Z] [DEBUG] REQUEST: {
  "timestamp": "2025-07-16T15:39:10.020Z",
  "type": "ListTools"
}
[2025-07-16T15:39:10.020Z] [DEBUG] RESPONSE: {
  "timestamp": "2025-07-16T15:39:10.020Z",
  "type": "ListTools",
  "response": {
    "tools": [
      {
        "name": "stagehand_navigate",
        "description": "Navigate to a URL in the browser. Only use this tool with URLs you're confident will work and stay up to date. Otheriwse use https://google.com as the starting point",
        "inputSchema": {
          "type": "object",
          "properties": {
            "url": {
              "type": "string",
              "description": "The URL to navigate to"
            }
          },
          "required": [
            "url"
          ]
        }
      },
      {
        "name": "stagehand_act",
        "description": "Performs an action on a web page element. Act actions should be as atomic and \n      specific as possible, i.e. \"Click the sign in button\" or \"Type 'hello' into the search input\". \n      AVOID actions that are more than one step, i.e. \"Order me pizza\" or \"Send an email to Paul \n      asking him to call me\". ",
        "inputSchema": {
          "type": "object",
          "properties": {
            "action": {
              "type": "string",
              "description": "The action to perform. Should be as atomic and specific as possible, \n          i.e. 'Click the sign in button' or 'Type 'hello' into the search input'. AVOID actions that are more than one \n          step, i.e. 'Order me pizza' or 'Send an email to Paul asking him to call me'. The instruction should be just as specific as possible, \n          and have a strong correlation to the text on the page. If unsure, use observe before using act.\""
            },
            "variables": {
              "type": "object",
              "additionalProperties": true,
              "description": "Variables used in the action template. ONLY use variables if you're dealing \n            with sensitive data or dynamic content. For example, if you're logging in to a website, \n            you can use a variable for the password. When using variables, you MUST have the variable\n            key in the action template. For example: {\"action\": \"Fill in the password\", \"variables\": {\"password\": \"123456\"}}"
            }
          },
          "required": [
            "action"
          ]
        }
      },
      {
        "name": "stagehand_extract",
        "description": "Extracts all of the text from the current page.",
        "inputSchema": {
          "type": "object",
          "properties": {}
        }
      },
      {
        "name": "stagehand_observe",
        "description": "Observes elements on the web page. Use this tool to observe elements that you can later use in an action. Use observe instead of extract when dealing with actionable (interactable) elements rather than text. More often than not, you'll want to use extract instead of observe when dealing with scraping or extracting structured text.",
        "inputSchema": {
          "type": "object",
          "properties": {
            "instruction": {
              "type": "string",
              "description": "Instruction for observation (e.g., 'find the login button'). This instruction must be extremely specific."
            }
          },
          "required": [
            "instruction"
          ]
        }
      },
      {
        "name": "screenshot",
        "description": "Takes a screenshot of the current page. Use this tool to learn where you are on the page when controlling the browser with Stagehand. Only use this tool when the other tools are not sufficient to get the information you need.",
        "inputSchema": {
          "type": "object",
          "properties": {}
        }
      }
    ]
  }
}
[2025-07-16T15:39:15.043Z] [DEBUG] REQUEST: {
  "timestamp": "2025-07-16T15:39:15.043Z",
  "type": "CallTool",
  "params": {
    "name": "stagehand_navigate",
    "arguments": {
      "url": "https://madison-reed.sierra.ai"
    }
  }
}
[2025-07-16T15:39:20.455Z] [DEBUG] RESPONSE: {
  "timestamp": "2025-07-16T15:39:20.455Z",
  "type": "CallTool",
  "response": {
    "content": [
      {
        "type": "text",
        "text": "Navigated to: https://madison-reed.sierra.ai"
      },
      {
        "type": "text",
        "text": "View the live session here: https://browserbase.com/sessions/09e3165e-1fb9-4f95-9294-9b670c62e4bc"
      }
    ],
    "isError": false
  }
}
[2025-07-16T15:39:21.924Z] [DEBUG] REQUEST: {
  "timestamp": "2025-07-16T15:39:21.924Z",
  "type": "CallTool",
  "params": {
    "name": "stagehand_act",
    "arguments": {
      "action": "Type 'arianna.schwartz@madison-reed.com' into the email input field"
    }
  }
}
[2025-07-16T15:39:27.721Z] [DEBUG] RESPONSE: {
  "timestamp": "2025-07-16T15:39:27.721Z",
  "type": "CallTool",
  "response": {
    "content": [
      {
        "type": "text",
        "text": "Action performed: Type 'arianna.schwartz@madison-reed.com' into the email input field"
      }
    ],
    "isError": false
  }
}
[2025-07-16T15:39:28.742Z] [DEBUG] REQUEST: {
  "timestamp": "2025-07-16T15:39:28.742Z",
  "type": "CallTool",
  "params": {
    "name": "stagehand_act",
    "arguments": {
      "action": "Click the sign in button"
    }
  }
}
[2025-07-16T15:39:38.296Z] [DEBUG] RESPONSE: {
  "timestamp": "2025-07-16T15:39:38.296Z",
  "type": "CallTool",
  "response": {
    "content": [
      {
        "type": "text",
        "text": "Action performed: Click the sign in button"
      }
    ],
    "isError": false
  }
}
[2025-07-16T15:39:50.937Z] [DEBUG] REQUEST: {
  "timestamp": "2025-07-16T15:39:50.937Z",
  "type": "CallTool",
  "params": {
    "name": "stagehand_act",
    "arguments": {
      "action": "Type '1CBMES' into the code input field"
    }
  }
}
[2025-07-16T15:39:56.523Z] [DEBUG] RESPONSE: {
  "timestamp": "2025-07-16T15:39:56.523Z",
  "type": "CallTool",
  "response": {
    "content": [
      {
        "type": "text",
        "text": "Action performed: Type '1CBMES' into the code input field"
      }
    ],
    "isError": false
  }
}
[2025-07-16T15:39:57.982Z] [DEBUG] REQUEST: {
  "timestamp": "2025-07-16T15:39:57.982Z",
  "type": "CallTool",
  "params": {
    "name": "stagehand_act",
    "arguments": {
      "action": "Click the verify code button"
    }
  }
}
[2025-07-16T15:40:08.174Z] [DEBUG] RESPONSE: {
  "timestamp": "2025-07-16T15:40:08.174Z",
  "type": "CallTool",
  "response": {
    "content": [
      {
        "type": "text",
        "text": "Action performed: Click the verify code button"
      }
    ],
    "isError": false
  }
}
[2025-07-16T15:40:09.288Z] [DEBUG] REQUEST: {
  "timestamp": "2025-07-16T15:40:09.288Z",
  "type": "CallTool",
  "params": {
    "name": "stagehand_extract",
    "arguments": {}
  }
}
[2025-07-16T15:40:09.934Z] [DEBUG] RESPONSE: {
  "timestamp": "2025-07-16T15:40:09.934Z",
  "type": "CallTool",
  "response": {
    "content": [
      {
        "type": "text",
        "text": "Extracted content:\nMadi, Your Virtual Concierge\nReview\nConversations\nReports\nIssues\nUtilities\nCustomize\nConfiguration\nKnowledge\nBuild\nDocumentation\nMadi, Your Virtual Concierge\nConversations\nConversation list actions\nSearch conversations\nFilter to time range\nTags\nStatus\nChannels\nTarget\nEarlier today, I mistakenly scheduled an appointment for today rather than for this Sunday. Can this be corrected without incurring a cancellation fee?\nReview status: not reviewed\nTags:\nproduction, origin:booking-flow, intent:otherwise, triage:appointment, appointment:reschedule, authentication:logged-in, appointment:reschedule:one, appointment:reschedule:one:selected\n7/16/25, 3:39 PM\n00:25\n6 messages\ncancel subscription\nReview status: not reviewed\nTags:\nproduction, origin:subscription-management, intent:otherwise, triage:subscription, authentication:logged-in, subscription:cancel, subscription:cancel:offer-presented, subscription:cancel:offer-presented:twenty-off-next-two, membership:cancel:save:offer-accepted:twenty-off-next-two\n7/16/25, 3:38 PM\n00:48\n11 messages\nHi - I just put in an order but i would like to change the color\nReview status: not reviewed\nTags:\nproduction, origin:other, intent:otherwise, triage:order, triage:subscription, authentication:logged-in, subscription:frequency, transfer, transfer:customer-request\n7/16/25, 3:37 PM\n01:32\n11 messages\nHello! I have two unopened boxes of Parma Black but I have been thinking a out changing my color to Milano Brown and I'd like to know how to return those and change my order to Milano Brown and add some hair strengthening treatment.\nReview status: not reviewed\nTags:\nproduction, origin:other, intent:otherwise, triage:order, triage:subscription, authentication:logged-in, subscription:skip\n7/16/25, 3:35 PM\n03:47\n13 messages\nDo you do corrective color?\nReview status: not reviewed\nTags:\nproduction, origin:booking-flow, intent:otherwise, triage:knowledge-base\n7/16/25, 3:35 PM\n00:09\n3 messages\nCancel my subscription\nReview status: not reviewed\nTags:\nproduction, origin:other, intent:otherwise, triage:subscription, authentication:logged-in, subscription:cancel, subscription:cancel:offer-presented, subscription:cancel:offer-presented:twenty-off-next-two, subscription:cancel:success\n7/16/25, 3:32 PM\n01:12\n13 messages\nHello, I did order your product, but I did not sign up for future orders. I am about to receive an order, I never ordered. Please let me know how I can return with a refund!\nReview status: not reviewed\nTags:\nproduction, origin:subscription-management, intent:otherwise, triage:order, triage:subscription, authentication:logged-in, subscription:cancel, subscription:cancel:success\n7/16/25, 3:31 PM\n07:30\n23 messages\nCan I buy more developer\nReview status: not reviewed\nTags:\nproduction, origin:shop, intent:otherwise, triage:knowledge-base\n7/16/25, 3:31 PM\n06:57\n29 messages\nWhat does the service “roots + accent balayage” include?\nReview status: not reviewed\nTags:\nproduction, origin:booking-flow, intent:otherwise, triage:knowledge-base\n7/16/25, 3:30 PM\n01:36\n9 messages\nHow do I know what shade to buy?\nReview status: not reviewed\nTags:\nproduction, origin:shop, intent:otherwise, triage:product-discovery, advice:color\n7/16/25, 3:29 PM\n01:15\n9 messages\nPease cancel my membership/ subscription. Thank you!\nReview status: not reviewed\nTags:\nproduction, origin:other, intent:otherwise, triage:subscription, authentication:logged-in, subscription:cancel, subscription:cancel:success, subscription:cancel:offer-presented, subscription:cancel:offer-presented:membership-benefits, subscription:cancel:offer-presented:limitless-plus-fifty, membership:direct:cancel:success\n7/16/25, 3:29 PM\n03:28\n19 messages\nCancel shipment\nReview status: not reviewed\nTags:\nproduction, origin:other, intent:otherwise, triage:subscription, authentication:logged-in, subscription:cancel\n7/16/25, 3:27 PM\n01:59\n9 messages\nWant to cancel\nReview status: not reviewed\nTags:\nproduction, origin:subscription-management, intent:otherwise, triage:subscription, authentication:logged-in, subscription:cancel, subscription:cancel:success\n7/16/25, 3:26 PM\n00:32\n9 messages\nI don’t like the way my hair looked. No shine and after 40 minutes my grays weren’t completely covered.\nReview status: not reviewed\nTags:\nproduction, origin:subscription-management, intent:otherwise, triage:subscription, authentication:logged-in, subscription:cancel, subscription:cancel:offer-presented, subscription:cancel:offer-presented:talk-to-colorist, subscription:cancel:success\n7/16/25, 3:23 PM\n00:31\n9 messages\nI buy Madison reed and color at home. And have an online account. Does that make me a member?\nReview status: not reviewed\nTags:\nproduction, origin:booking-flow, intent:otherwise, triage:knowledge-base\n7/16/25, 3:23 PM\n01:40\n7 messages\nrepresentative\nReview status: not reviewed\nTags:\nproduction, origin:other, intent:otherwise, transfer, transfer:customer-request, triage:order\n7/16/25, 3:19 PM\n16:42\n7 messages\nAgent\nReview status: not reviewed\nTags:\nproduction, origin:other, intent:otherwise, transfer, transfer:customer-request\n7/16/25, 3:19 PM\n00:01\n3 messages\nI was wondering if there were any openings for •••••\nReview status: not reviewed\nTags:\nproduction, origin:booking-flow, intent:otherwise, triage:appointment, appointment:create, authentication:logged-in, appointment:has-previous-location, appointment:service-category-chosen, appointment:service-chosen, appointment:addon-exists, appointment:addon-chosen\n7/16/25, 3:18 PM\n05:13\n23 messages\nHow much is a one process hair color ??\nReview status: not reviewed\nTags:\nproduction, origin:booking-flow, intent:otherwise, triage:pricing, pricing-info\n7/16/25, 3:17 PM\n01:31\n9 messages\nI think I have a monthly membership but it isn’t coming up\nReview status: not reviewed\nTags:\nproduction, origin:booking-flow, intent:otherwise, triage:knowledge-base\n7/16/25, 3:16 PM\n00:07\n3 messages\n•••••- I wrote you yesterday with a few questions. I want to use the gloss . I know you mentioned putting it on dry hair. should the hair have been washed first and not have any hair products on it? thank u, •••••\nReview status: not reviewed\nTags:\nproduction, origin:other, intent:otherwise, triage:knowledge-base\n7/16/25, 3:15 PM\n03:56\n11 messages\nhow do I update my phone number?\nReview status: not reviewed\nTags:\nproduction, origin:other, intent:otherwise\n7/16/25, 3:09 PM\n01:33\n9 messages\nI want another tube of color added to my subscription\nReview status: not reviewed\nTags:\nproduction, origin:other, intent:otherwise, triage:subscription, authentication:logged-in, subscription:frequency\n7/16/25, 3:09 PM\n00:13\n5 messages\nI like to do high and low lights, what service should i book?\nReview status: not reviewed\nTags:\nproduction, origin:other, intent:otherwise, triage:product-discovery\n7/16/25, 3:09 PM\n00:06\n3 messages\nReschedule\nReview status: not reviewed\nTags:\nproduction, origin:booking-flow, intent:otherwise, triage:appointment, appointment:reschedule, authentication:not-logged-in, identify-customer, identify-customer:existing, appointment:reschedule:one, appointment:reschedule:one:selected, appointment:timeslot-selected, appointment:rescheduled\n7/16/25, 3:07 PM\n01:19\n12 messages\nI was billed twice\nReview status: not reviewed\nTags:\nproduction, origin:other, intent:otherwise, triage:order\n7/16/25, 3:06 PM\n02:17\n17 messages\ni need an extra tube of porofino red 6nrr\nReview status: not reviewed\nTags:\nproduction, origin:pdp, intent:otherwise, triage:knowledge-base\n7/16/25, 3:04 PM\n00:43\n5 messages\nHi\nReview status: not reviewed\nTags:\nproduction, origin:booking-flow, intent:otherwise, triage:appointment, appointment:create, authentication:logged-in, appointment:service-category-chosen, appointment:service-chosen, appointment:addon-exists, appointment:addon-not-chosen, appointment:timeslot-selected, appointment:created, csat-5\n7/16/25, 3:03 PM\n03:41\n23 messages\nHi I currently have grown out highlights but want to go full blonde. What service do I book?\nReview status: not reviewed\nTags:\nproduction, origin:booking-flow, intent:otherwise, triage:product-discovery, appointment:create, authentication:logged-in, appointment:service-category-chosen\n7/16/25, 3:02 PM\n00:58\n10 messages\nThe color did not work for me.\nReview status: not reviewed\nTags:\nproduction, origin:subscription-management, intent:otherwise, triage:subscription, authentication:logged-in, subscription:cancel, subscription:cancel:offer-presented, subscription:cancel:offer-presented:talk-to-colorist, subscription:cancel:success, triage:order\n7/16/25, 3:02 PM\n01:45\n17 messages\nI had a promo code for a free gloss to start a membership that wasn't applied. Can you please add it? •••••••••••\nReview status: not reviewed\nTags:\nproduction, origin:membership-management, intent:otherwise, triage:appointment, appointment:list, authentication:logged-in, appointment:list:none, appointment:create, appointment:has-previous-location, appointment:previous-location-chosen, appointment:has-previous-service, appointment:service-category-chosen, appointment:service-chosen, appointment:addon-exists, appointment:addon-chosen, appointment:timeslot-selected, appointment:created, csat-5\n7/16/25, 3:00 PM\n06:32\n34 messages\ncan i come in under the age of ••••••\nReview status: not reviewed\nTags:\nproduction, origin:other, intent:otherwise, triage:knowledge-base\n7/16/25, 2:59 PM\n01:26\n11 messages\nWhy does it say that my payment at time of service is $116?\nReview status: not reviewed\nTags:\nproduction, origin:booking-flow, intent:otherwise, triage:order, triage:pricing, pricing-info, triage:appointment, appointment:create, authentication:logged-in, appointment:has-previous-location, appointment:previous-location-chosen, appointment:has-previous-service, appointment:service-category-chosen, appointment:service-chosen, appointment:addon-exists, appointment:addon-not-chosen, appointment:timeslot-selected\n7/16/25, 2:59 PM\n11:33\n53 messages\nHi, I just want to get an extra box of color sent out now. How do I do that?\nReview status: not reviewed\nTags:\nproduction, origin:other, intent:otherwise, triage:subscription, authentication:logged-in, subscription:ship-now\n7/16/25, 2:59 PM\n00:41\n7 messages\nNeed to reschedule my appointment for ••••••••••••••\nReview status: not reviewed\nTags:\nproduction, origin:booking-flow, intent:otherwise, triage:appointment, appointment:reschedule, authentication:logged-in, appointment:reschedule:one, appointment:reschedule:one:selected, appointment:timeslot-selected, appointment:rescheduled, csat-5\n7/16/25, 2:58 PM\n02:48\n10 messages\nMembership\nReview status: not reviewed\nTags:\nproduction, origin:booking-flow, intent:otherwise, triage:order, triage:knowledge-base\n7/16/25, 2:57 PM\n02:12\n11 messages\nI use Firenza brown hair color. What touch up powder would match the best?\nReview status: not reviewed\nTags:\nproduction, origin:shop, intent:otherwise, triage:product-discovery, advice:color\n7/16/25, 2:56 PM\n01:31\n9 messages\ni booked an appointment for •••••••••••• at ••. do you have my appointment\nReview status: not reviewed\nTags:\nproduction, origin:other, intent:otherwise, triage:appointment, appointment:list, authentication:logged-in, appointment:list:none, appointment:create, appointment:has-previous-location, appointment:previous-location-chosen, appointment:has-previous-service, appointment:previous-service-chosen, appointment:timeslot-selected, appointment:created\n7/16/25, 2:53 PM\n02:49\n15 messages\nI have dark crown hair which i ususally colour in copper/ash blonde which conceler should i get for grey coverage\nReview status: not reviewed\nTags:\nproduction, origin:other, intent:otherwise, triage:product-discovery, advice:color\n7/16/25, 2:52 PM\n01:56\n11 messages\nHey need to reschedule\nReview status: not reviewed\nTags:\nproduction, origin:booking-flow, intent:otherwise, triage:appointment, appointment:reschedule, authentication:logged-in, appointment:reschedule:one, appointment:reschedule:one:selected, appointment:timeslot-selected, appointment:rescheduled, csat-5\n7/16/25, 2:49 PM\n02:21\n12 messages\nhelped with a retunr and refund\nReview status: not reviewed\nTags:\nproduction, origin:other, intent:otherwise\n7/16/25, 2:47 PM\n07:51\n21 messages\nOrder was missing a product\nReview status: not reviewed\nTags:\nproduction, origin:other, intent:otherwise, triage:order\n7/16/25, 2:46 PM\n00:29\n5 messages\nWhere is my order?\nReview status: not reviewed\nTags:\nproduction, origin:membership-management, intent:otherwise, triage:order, transfer, transfer:customer-request\n7/16/25, 2:45 PM\n03:39\n11 messages\nI canceled my color in store appointment online but still got charged a $20 cancellation fee\nReview status: not reviewed\nTags:\nproduction, origin:other, intent:otherwise, triage:order, triage:appointment, appointment:cancel, authentication:logged-in, appointment:cancelled:one, appointment:cancelled:one:not-selected, transfer, transfer:customer-request\n7/16/25, 2:44 PM\n03:05\n19 messages\nI have a question on your Demi permanent hair color. How well does the color hold up to swimming in the ocean or pool?\nReview status: not reviewed\nTags:\nproduction, origin:shop, intent:otherwise, triage:knowledge-base\n7/16/25, 2:44 PM\n07:50\n23 messages\nHi! Is there an agent that I can talk too?\nReview status: not reviewed\nTags:\nproduction, origin:other, intent:otherwise, transfer, transfer:customer-request\n7/16/25, 2:43 PM\n00:02\n3 messages\nJust did my hair. Color awful\nReview status: not reviewed\nTags:\nproduction, origin:other, intent:otherwise, triage:product-discovery, advice:color\n7/16/25, 2:40 PM\n00:40\n5 messages\nI’d like my dark brown hair lightened and greys completely covered\nReview status: not reviewed\nTags:\nproduction, origin:booking-flow, intent:otherwise, triage:product-discovery, advice:color, triage:appointment, appointment:create, authentication:not-logged-in, identify-customer, identify-customer:new, api_error, api_error:undefined\n7/16/25, 2:39 PM\n02:19\n11 messages\nNeed to reschedule\nReview status: not reviewed\nTags:\nproduction, origin:booking-flow, intent:otherwise, triage:appointment, appointment:reschedule, authentication:logged-in, appointment:reschedule:one, appointment:reschedule:one:selected, appointment:timeslot-selected, appointment:rescheduled, csat-5\n7/16/25, 2:38 PM\n02:26\n12 messages\nI have been using 7N, but the red tint is too strong for me. What would you suggest for less red?\nReview status: not reviewed\nTags:\nproduction, origin:pdp, intent:otherwise, triage:product-discovery, advice:color\n7/16/25, 2:37 PM\n02:28\n15 messages"
      }
    ],
    "isError": false
  }
}
[2025-07-16T15:40:13.334Z] [DEBUG] REQUEST: {
  "timestamp": "2025-07-16T15:40:13.334Z",
  "type": "CallTool",
  "params": {
    "name": "stagehand_observe",
    "arguments": {
      "instruction": "Wait for the webpage to fully load."
    }
  }
}
[2025-07-16T15:40:17.200Z] [DEBUG] RESPONSE: {
  "timestamp": "2025-07-16T15:40:17.200Z",
  "type": "CallTool",
  "response": {
    "content": [
      {
        "type": "text",
        "text": "Observations: []"
      }
    ],
    "isError": false
  }
}
[2025-07-16T15:40:18.834Z] [DEBUG] REQUEST: {
  "timestamp": "2025-07-16T15:40:18.834Z",
  "type": "CallTool",
  "params": {
    "name": "stagehand_observe",
    "arguments": {
      "instruction": "Find the button labeled 'Status'."
    }
  }
}
[2025-07-16T15:40:27.891Z] [DEBUG] RESPONSE: {
  "timestamp": "2025-07-16T15:40:27.891Z",
  "type": "CallTool",
  "response": {
    "content": [
      {
        "type": "text",
        "text": "Observations: [{\"description\":\"button labeled 'Status'\",\"selector\":\"xpath=/html[1]/body[1]/div[3]/div[2]/div[1]/div[1]/div[1]/div[1]/div[2]/button[4]\"}]"
      }
    ],
    "isError": false
  }
}
[2025-07-16T15:40:30.341Z] [DEBUG] REQUEST: {
  "timestamp": "2025-07-16T15:40:30.341Z",
  "type": "CallTool",
  "params": {
    "name": "stagehand_act",
    "arguments": {
      "action": "Click the button labeled 'Status'."
    }
  }
}
[2025-07-16T15:40:52.414Z] [DEBUG] RESPONSE: {
  "timestamp": "2025-07-16T15:40:52.414Z",
  "type": "CallTool",
  "response": {
    "content": [
      {
        "type": "text",
        "text": "Action performed: Click the button labeled 'Status'."
      }
    ],
    "isError": false
  }
}
[2025-07-16T15:40:53.941Z] [DEBUG] REQUEST: {
  "timestamp": "2025-07-16T15:40:53.941Z",
  "type": "CallTool",
  "params": {
    "name": "stagehand_act",
    "arguments": {
      "action": "Select 'Major Issues' from the dropdown."
    }
  }
}
[2025-07-16T15:41:01.753Z] [DEBUG] RESPONSE: {
  "timestamp": "2025-07-16T15:41:01.753Z",
  "type": "CallTool",
  "response": {
    "content": [
      {
        "type": "text",
        "text": "Action performed: Select 'Major Issues' from the dropdown."
      }
    ],
    "isError": false
  }
}
[2025-07-16T15:41:03.077Z] [DEBUG] REQUEST: {
  "timestamp": "2025-07-16T15:41:03.077Z",
  "type": "CallTool",
  "params": {
    "name": "stagehand_act",
    "arguments": {
      "action": "Select 'Critical Issues' from the dropdown."
    }
  }
}
[2025-07-16T15:41:10.661Z] [DEBUG] RESPONSE: {
  "timestamp": "2025-07-16T15:41:10.661Z",
  "type": "CallTool",
  "response": {
    "content": [
      {
        "type": "text",
        "text": "Action performed: Select 'Critical Issues' from the dropdown."
      }
    ],
    "isError": false
  }
}
[2025-07-16T15:41:11.866Z] [DEBUG] REQUEST: {
  "timestamp": "2025-07-16T15:41:11.866Z",
  "type": "CallTool",
  "params": {
    "name": "stagehand_act",
    "arguments": {
      "action": "Press the escape button."
    }
  }
}
[2025-07-16T15:41:19.876Z] [DEBUG] RESPONSE: {
  "timestamp": "2025-07-16T15:41:19.876Z",
  "type": "CallTool",
  "response": {
    "content": [
      {
        "type": "text",
        "text": "Action performed: Press the escape button."
      }
    ],
    "isError": false
  }
}
[2025-07-16T15:41:21.579Z] [DEBUG] REQUEST: {
  "timestamp": "2025-07-16T15:41:21.579Z",
  "type": "CallTool",
  "params": {
    "name": "stagehand_observe",
    "arguments": {
      "instruction": "Wait for the conversations to filter and check if only conversations with review status 'reviewed' are displayed."
    }
  }
}
[2025-07-16T15:41:47.138Z] [DEBUG] RESPONSE: {
  "timestamp": "2025-07-16T15:41:47.138Z",
  "type": "CallTool",
  "response": {
    "content": [
      {
        "type": "text",
        "text": "Observations: [{\"description\":\"List item with conversation 'what color looks best on me' and review status 'critical issues'\",\"selector\":\"xpath=/html[1]/body[1]/div[3]/div[2]/div[1]/div[1]/div[2]/div[1]/div[1]/a[2]\"},{\"description\":\"List item with conversation 'I want to dye my hair a new color' and review status 'critical issues'\",\"selector\":\"xpath=/html[1]/body[1]/div[3]/div[2]/div[1]/div[1]/div[2]/div[1]/div[1]/a[3]\"},{\"description\":\"List item with conversation 'I am writing to express my disappointment regarding my recent experience' and review status 'critical issues'\",\"selector\":\"xpath=/html[1]/body[1]/div[3]/div[2]/div[1]/div[1]/div[2]/div[1]/div[1]/a[6]\"},{\"description\":\"List item with conversation 'No, cancel my subscription immediately' and review status 'critical issues'\",\"selector\":\"xpath=/html[1]/body[1]/div[3]/div[2]/div[1]/div[1]/div[2]/div[1]/div[1]/a[7]\"},{\"description\":\"List item with conversation 'Oh good' and review status 'critical issues'\",\"selector\":\"xpath=/html[1]/body[1]/div[3]/div[2]/div[1]/div[1]/div[2]/div[1]/div[1]/a[8]\"},{\"description\":\"List item with conversation 'Is your hair color safe for chemotherapy patients?' and review status 'critical issues'\",\"selector\":\"xpath=/html[1]/body[1]/div[3]/div[2]/div[1]/div[1]/div[2]/div[1]/div[1]/a[9]\"},{\"description\":\"List item with conversation 'I don't need the June shipment. I would like to make the next shipment' and review status 'critical issues'\",\"selector\":\"xpath=/html[1]/body[1]/div[3]/div[2]/div[1]/div[1]/div[2]/div[1]/div[1]/a[14]\"},{\"description\":\"List item with conversation 'Hi, im looking to book a partial highlight, toner and blow dry' and review status 'critical issues'\",\"selector\":\"xpath=/html[1]/body[1]/div[3]/div[2]/div[1]/div[1]/div[2]/div[1]/div[1]/a[20]\"},{\"description\":\"List item with conversation 'I need to cancel the root touch up kit in this order.' and review status 'critical issues'\",\"selector\":\"xpath=/html[1]/body[1]/div[3]/div[2]/div[1]/div[1]/div[2]/div[1]/div[1]/a[21]\"},{\"description\":\"List item with conversation 'Trying to move my appt for tomm to' and review status 'critical issues'\",\"selector\":\"xpath=/html[1]/body[1]/div[3]/div[2]/div[1]/div[1]/div[2]/div[1]/div[1]/a[28]\"},{\"description\":\"List item with conversation 'This system is confusing for an old lady like me.' and review status 'critical issues'\",\"selector\":\"xpath=/html[1]/body[1]/div[3]/div[2]/div[1]/div[1]/div[2]/div[1]/div[1]/a[29]\"},{\"description\":\"List item with conversation 'I need to reschedule my appointment' and review status 'critical issues'\",\"selector\":\"xpath=/html[1]/body[1]/div[3]/div[2]/div[1]/div[1]/div[2]/div[1]/div[1]/a[30]\"},{\"description\":\"List item with conversation 'I need it to ship for my next date' and review status 'critical issues'\",\"selector\":\"xpath=/html[1]/body[1]/div[3]/div[2]/div[1]/div[1]/div[2]/div[1]/div[1]/a[33]\"},{\"description\":\"List item with conversation 'I'm trying to book roots gloss but it keeps trying to make me select their suggestion I don't want' and review status 'critical issues'\",\"selector\":\"xpath=/html[1]/body[1]/div[3]/div[2]/div[1]/div[1]/div[2]/div[1]/div[1]/a[34]\"},{\"description\":\"List item with conversation 'I asked for my subscription to be sent however it is being sent to a different address.' and review status 'critical issues'\",\"selector\":\"xpath=/html[1]/body[1]/div[3]/div[2]/div[1]/div[1]/div[2]/div[1]/div[1]/a[36]\"},{\"description\":\"List item with conversation 'Hello. How can I ask for my next color shipment to be shipped on' and review status 'critical issues'\",\"selector\":\"xpath=/html[1]/body[1]/div[3]/div[2]/div[1]/div[1]/div[2]/div[1]/div[1]/a[38]\"},{\"description\":\"List item with conversation 'hello- i recently had a shipment of a new shade for me- which turns out to be much too red!' and review status 'critical issues'\",\"selector\":\"xpath=/html[1]/body[1]/div[3]/div[2]/div[1]/div[1]/div[2]/div[1]/div[1]/a[39]\"},{\"description\":\"List item with conversation 'Can I please get an extra box sent to my home this month?' and review status 'critical issues'\",\"selector\":\"xpath=/html[1]/body[1]/div[3]/div[2]/div[1]/div[1]/div[2]/div[1]/div[1]/a[41]\"},{\"description\":\"List item with conversation 'My chat got messed up- I want to change my subscription' and review status 'critical issues'\",\"selector\":\"xpath=/html[1]/body[1]/div[3]/div[2]/div[1]/div[1]/div[2]/div[1]/div[1]/a[43]\"}]"
      }
    ],
    "isError": false
  }
}
[2025-07-16T15:41:59.922Z] [DEBUG] REQUEST: {
  "timestamp": "2025-07-16T15:41:59.922Z",
  "type": "CallTool",
  "params": {
    "name": "stagehand_navigate",
    "arguments": {
      "url": "https://sierraai.madisonreed.com/dashboard"
    }
  }
}
[2025-07-16T15:42:00.344Z] [DEBUG] RESPONSE: {
  "timestamp": "2025-07-16T15:42:00.344Z",
  "type": "CallTool",
  "response": {
    "content": [
      {
        "type": "text",
        "text": "Failed to navigate: proxy.goto: net::ERR_EMPTY_RESPONSE at https://sierraai.madisonreed.com/dashboard\nCall log:\n\u001b[2m  - navigating to \"https://sierraai.madisonreed.com/dashboard\", waiting until \"load\"\u001b[22m\n"
      },
      {
        "type": "text",
        "text": "Operation logs:\n"
      }
    ],
    "isError": true
  }
}
[2025-07-16T15:42:02.025Z] [DEBUG] REQUEST: {
  "timestamp": "2025-07-16T15:42:02.025Z",
  "type": "CallTool",
  "params": {
    "name": "stagehand_navigate",
    "arguments": {
      "url": "https://google.com"
    }
  }
}
[2025-07-16T15:42:04.666Z] [DEBUG] RESPONSE: {
  "timestamp": "2025-07-16T15:42:04.666Z",
  "type": "CallTool",
  "response": {
    "content": [
      {
        "type": "text",
        "text": "Navigated to: https://google.com"
      },
      {
        "type": "text",
        "text": "View the live session here: https://browserbase.com/sessions/09e3165e-1fb9-4f95-9294-9b670c62e4bc"
      }
    ],
    "isError": false
  }
}
[2025-07-16T15:42:07.519Z] [DEBUG] REQUEST: {
  "timestamp": "2025-07-16T15:42:07.519Z",
  "type": "CallTool",
  "params": {
    "name": "stagehand_act",
    "arguments": {
      "action": "Type 'Madison Reed Sierra AI dashboard' into the search input"
    }
  }
}
[2025-07-16T15:42:12.616Z] [DEBUG] RESPONSE: {
  "timestamp": "2025-07-16T15:42:12.616Z",
  "type": "CallTool",
  "response": {
    "content": [
      {
        "type": "text",
        "text": "Action performed: Type 'Madison Reed Sierra AI dashboard' into the search input"
      }
    ],
    "isError": false
  }
}
[2025-07-16T15:42:14.275Z] [DEBUG] REQUEST: {
  "timestamp": "2025-07-16T15:42:14.275Z",
  "type": "CallTool",
  "params": {
    "name": "stagehand_act",
    "arguments": {
      "action": "Press 'Enter' to search"
    }
  }
}
[2025-07-16T15:42:21.915Z] [DEBUG] RESPONSE: {
  "timestamp": "2025-07-16T15:42:21.915Z",
  "type": "CallTool",
  "response": {
    "content": [
      {
        "type": "text",
        "text": "Action performed: Press 'Enter' to search"
      }
    ],
    "isError": false
  }
}
[2025-07-16T15:42:23.697Z] [DEBUG] REQUEST: {
  "timestamp": "2025-07-16T15:42:23.697Z",
  "type": "CallTool",
  "params": {
    "name": "stagehand_observe",
    "arguments": {
      "instruction": "Find the link to the Madison Reed Sierra AI dashboard in the search results."
    }
  }
}
[2025-07-16T15:42:26.646Z] [DEBUG] RESPONSE: {
  "timestamp": "2025-07-16T15:42:26.646Z",
  "type": "CallTool",
  "response": {
    "content": [
      {
        "type": "text",
        "text": "Observations: [{\"description\":\"an iframe\",\"method\":\"not-supported\",\"arguments\":[],\"selector\":\"xpath=/html[1]/body[1]/div[2]/div[4]/iframe[1]\"}]"
      }
    ],
    "isError": false
  }
}
[2025-07-16T15:42:29.460Z] [DEBUG] REQUEST: {
  "timestamp": "2025-07-16T15:42:29.460Z",
  "type": "CallTool",
  "params": {
    "name": "stagehand_navigate",
    "arguments": {
      "url": "[insert the found link from search results here]"
    }
  }
}
[2025-07-16T15:42:29.813Z] [DEBUG] RESPONSE: {
  "timestamp": "2025-07-16T15:42:29.813Z",
  "type": "CallTool",
  "response": {
    "content": [
      {
        "type": "text",
        "text": "Failed to navigate: proxy.goto: Protocol error (Page.navigate): Cannot navigate to invalid URL\nCall log:\n\u001b[2m  - navigating to \"[insert the found link from search results here]\", waiting until \"load\"\u001b[22m\n"
      },
      {
        "type": "text",
        "text": "Operation logs:\n"
      }
    ],
    "isError": true
  }
}
