[2025-07-18T17:34:15.772Z] [DEBUG] REQUEST: {
  "timestamp": "2025-07-18T17:34:15.772Z",
  "type": "ListTools"
}
[2025-07-18T17:34:15.772Z] [DEBUG] RESPONSE: {
  "timestamp": "2025-07-18T17:34:15.772Z",
  "type": "ListTools",
  "response": {
    "tools": [
      {
        "name": "stagehand_navigate",
        "description": "Navigate to a URL in the browser. Only use this tool with URLs you're confident will work and stay up to date. Otheriwse use https://google.com as the starting point",
        "inputSchema": {
          "type": "object",
          "properties": {
            "url": {
              "type": "string",
              "description": "The URL to navigate to"
            }
          },
          "required": [
            "url"
          ]
        }
      },
      {
        "name": "stagehand_act",
        "description": "Performs an action on a web page element. Act actions should be as atomic and \n      specific as possible, i.e. \"Click the sign in button\" or \"Type 'hello' into the search input\". \n      AVOID actions that are more than one step, i.e. \"Order me pizza\" or \"Send an email to Paul \n      asking him to call me\". ",
        "inputSchema": {
          "type": "object",
          "properties": {
            "action": {
              "type": "string",
              "description": "The action to perform. Should be as atomic and specific as possible, \n          i.e. 'Click the sign in button' or 'Type 'hello' into the search input'. AVOID actions that are more than one \n          step, i.e. 'Order me pizza' or 'Send an email to Paul asking him to call me'. The instruction should be just as specific as possible, \n          and have a strong correlation to the text on the page. If unsure, use observe before using act.\""
            },
            "variables": {
              "type": "object",
              "additionalProperties": true,
              "description": "Variables used in the action template. ONLY use variables if you're dealing \n            with sensitive data or dynamic content. For example, if you're logging in to a website, \n            you can use a variable for the password. When using variables, you MUST have the variable\n            key in the action template. For example: {\"action\": \"Fill in the password\", \"variables\": {\"password\": \"123456\"}}"
            }
          },
          "required": [
            "action"
          ]
        }
      },
      {
        "name": "stagehand_extract",
        "description": "Extracts all of the text from the current page.",
        "inputSchema": {
          "type": "object",
          "properties": {}
        }
      },
      {
        "name": "stagehand_observe",
        "description": "Observes elements on the web page. Use this tool to observe elements that you can later use in an action. Use observe instead of extract when dealing with actionable (interactable) elements rather than text. More often than not, you'll want to use extract instead of observe when dealing with scraping or extracting structured text.",
        "inputSchema": {
          "type": "object",
          "properties": {
            "instruction": {
              "type": "string",
              "description": "Instruction for observation (e.g., 'find the login button'). This instruction must be extremely specific."
            }
          },
          "required": [
            "instruction"
          ]
        }
      },
      {
        "name": "screenshot",
        "description": "Takes a screenshot of the current page. Use this tool to learn where you are on the page when controlling the browser with Stagehand. Only use this tool when the other tools are not sufficient to get the information you need.",
        "inputSchema": {
          "type": "object",
          "properties": {}
        }
      }
    ]
  }
}
[2025-07-18T17:34:15.773Z] [DEBUG] REQUEST: {
  "timestamp": "2025-07-18T17:34:15.773Z",
  "type": "ListTools"
}
[2025-07-18T17:34:15.773Z] [DEBUG] RESPONSE: {
  "timestamp": "2025-07-18T17:34:15.773Z",
  "type": "ListTools",
  "response": {
    "tools": [
      {
        "name": "stagehand_navigate",
        "description": "Navigate to a URL in the browser. Only use this tool with URLs you're confident will work and stay up to date. Otheriwse use https://google.com as the starting point",
        "inputSchema": {
          "type": "object",
          "properties": {
            "url": {
              "type": "string",
              "description": "The URL to navigate to"
            }
          },
          "required": [
            "url"
          ]
        }
      },
      {
        "name": "stagehand_act",
        "description": "Performs an action on a web page element. Act actions should be as atomic and \n      specific as possible, i.e. \"Click the sign in button\" or \"Type 'hello' into the search input\". \n      AVOID actions that are more than one step, i.e. \"Order me pizza\" or \"Send an email to Paul \n      asking him to call me\". ",
        "inputSchema": {
          "type": "object",
          "properties": {
            "action": {
              "type": "string",
              "description": "The action to perform. Should be as atomic and specific as possible, \n          i.e. 'Click the sign in button' or 'Type 'hello' into the search input'. AVOID actions that are more than one \n          step, i.e. 'Order me pizza' or 'Send an email to Paul asking him to call me'. The instruction should be just as specific as possible, \n          and have a strong correlation to the text on the page. If unsure, use observe before using act.\""
            },
            "variables": {
              "type": "object",
              "additionalProperties": true,
              "description": "Variables used in the action template. ONLY use variables if you're dealing \n            with sensitive data or dynamic content. For example, if you're logging in to a website, \n            you can use a variable for the password. When using variables, you MUST have the variable\n            key in the action template. For example: {\"action\": \"Fill in the password\", \"variables\": {\"password\": \"123456\"}}"
            }
          },
          "required": [
            "action"
          ]
        }
      },
      {
        "name": "stagehand_extract",
        "description": "Extracts all of the text from the current page.",
        "inputSchema": {
          "type": "object",
          "properties": {}
        }
      },
      {
        "name": "stagehand_observe",
        "description": "Observes elements on the web page. Use this tool to observe elements that you can later use in an action. Use observe instead of extract when dealing with actionable (interactable) elements rather than text. More often than not, you'll want to use extract instead of observe when dealing with scraping or extracting structured text.",
        "inputSchema": {
          "type": "object",
          "properties": {
            "instruction": {
              "type": "string",
              "description": "Instruction for observation (e.g., 'find the login button'). This instruction must be extremely specific."
            }
          },
          "required": [
            "instruction"
          ]
        }
      },
      {
        "name": "screenshot",
        "description": "Takes a screenshot of the current page. Use this tool to learn where you are on the page when controlling the browser with Stagehand. Only use this tool when the other tools are not sufficient to get the information you need.",
        "inputSchema": {
          "type": "object",
          "properties": {}
        }
      }
    ]
  }
}
[2025-07-18T17:34:17.760Z] [DEBUG] REQUEST: {
  "timestamp": "2025-07-18T17:34:17.760Z",
  "type": "CallTool",
  "params": {
    "name": "stagehand_navigate",
    "arguments": {
      "url": "https://madison-reed.sierra.ai"
    }
  }
}
[2025-07-18T17:34:22.075Z] [DEBUG] RESPONSE: {
  "timestamp": "2025-07-18T17:34:22.075Z",
  "type": "CallTool",
  "response": {
    "content": [
      {
        "type": "text",
        "text": "Navigated to: https://madison-reed.sierra.ai"
      },
      {
        "type": "text",
        "text": "View the live session here: https://browserbase.com/sessions/60ed35f1-d66e-40bb-af04-b05ed33f5530"
      }
    ],
    "isError": false
  }
}
[2025-07-18T17:34:23.743Z] [DEBUG] REQUEST: {
  "timestamp": "2025-07-18T17:34:23.743Z",
  "type": "CallTool",
  "params": {
    "name": "stagehand_act",
    "arguments": {
      "action": "Type 'arianna.schwartz@madison-reed.com' into the email input field"
    }
  }
}
[2025-07-18T17:34:28.082Z] [DEBUG] RESPONSE: {
  "timestamp": "2025-07-18T17:34:28.082Z",
  "type": "CallTool",
  "response": {
    "content": [
      {
        "type": "text",
        "text": "Action performed: Type 'arianna.schwartz@madison-reed.com' into the email input field"
      }
    ],
    "isError": false
  }
}
[2025-07-18T17:34:29.784Z] [DEBUG] REQUEST: {
  "timestamp": "2025-07-18T17:34:29.784Z",
  "type": "CallTool",
  "params": {
    "name": "stagehand_act",
    "arguments": {
      "action": "Click the sign in button"
    }
  }
}
[2025-07-18T17:34:36.005Z] [DEBUG] RESPONSE: {
  "timestamp": "2025-07-18T17:34:36.005Z",
  "type": "CallTool",
  "response": {
    "content": [
      {
        "type": "text",
        "text": "Action performed: Click the sign in button"
      }
    ],
    "isError": false
  }
}
[2025-07-18T17:34:54.163Z] [DEBUG] REQUEST: {
  "timestamp": "2025-07-18T17:34:54.163Z",
  "type": "CallTool",
  "params": {
    "name": "stagehand_act",
    "arguments": {
      "action": "Type '8QYPCL' into the verification code field"
    }
  }
}
[2025-07-18T17:34:58.512Z] [DEBUG] RESPONSE: {
  "timestamp": "2025-07-18T17:34:58.512Z",
  "type": "CallTool",
  "response": {
    "content": [
      {
        "type": "text",
        "text": "Action performed: Type '8QYPCL' into the verification code field"
      }
    ],
    "isError": false
  }
}
[2025-07-18T17:35:00.115Z] [DEBUG] REQUEST: {
  "timestamp": "2025-07-18T17:35:00.115Z",
  "type": "CallTool",
  "params": {
    "name": "stagehand_act",
    "arguments": {
      "action": "Click the verify code button"
    }
  }
}
[2025-07-18T17:35:08.488Z] [DEBUG] RESPONSE: {
  "timestamp": "2025-07-18T17:35:08.488Z",
  "type": "CallTool",
  "response": {
    "content": [
      {
        "type": "text",
        "text": "Action performed: Click the verify code button"
      }
    ],
    "isError": false
  }
}
[2025-07-18T17:35:09.542Z] [DEBUG] REQUEST: {
  "timestamp": "2025-07-18T17:35:09.542Z",
  "type": "CallTool",
  "params": {
    "name": "stagehand_extract",
    "arguments": {}
  }
}
[2025-07-18T17:35:09.885Z] [DEBUG] RESPONSE: {
  "timestamp": "2025-07-18T17:35:09.885Z",
  "type": "CallTool",
  "response": {
    "content": [
      {
        "type": "text",
        "text": "Extracted content:\nMadi, Your Virtual Concierge\nReview\nConversations\nReports\nIssues\nUtilities\nCustomize\nConfiguration\nKnowledge\nBuild\nDocumentation\nMadi, Your Virtual Concierge\nConversations\nConversation list actions\nSearch conversations\nFilter to time range\nTags\nStatus\nChannels\nTarget\nIs ••••••••• ••••••• •••• cooler than ••••••••••••••?\nReview status: not reviewed\nTags:\nproduction, origin:pdp, intent:otherwise, triage:product-discovery\n7/18/25, 5:34 PM\n00:03\n3 messages\nagent\nReview status: not reviewed\nTags:\nproduction, origin:other, intent:otherwise, transfer, transfer:customer-request\n7/18/25, 5:33 PM\n00:02\n3 messages\nCan my appointment be changed to Monday at ••••••••?\nReview status: not reviewed\nTags:\nproduction, origin:booking-flow, intent:otherwise, triage:appointment, appointment:reschedule, authentication:logged-in, appointment:reschedule:one, appointment:reschedule:one:selected, appointment:timeslot-selected, appointment:rescheduled, csat-5\n7/18/25, 5:32 PM\n01:04\n12 messages\nI don’t use product\nReview status: not reviewed\nTags:\nproduction, origin:subscription-management, intent:otherwise, triage:subscription, authentication:logged-in, subscription:cancel, subscription:cancel:success\n7/18/25, 5:32 PM\n00:26\n7 messages\nDo not need\nReview status: not reviewed\nTags:\nproduction, origin:membership-management, intent:otherwise, triage:subscription, authentication:logged-in, subscription:cancel, membership:hcb:cancel:rebuttal:limitless-pro-plus, membership:hcb:cancel:success\n7/18/25, 5:32 PM\n00:51\n10 messages\nBecause\nReview status: not reviewed\nTags:\nproduction, origin:subscription-management, intent:otherwise, triage:subscription, authentication:logged-in, subscription:cancel, subscription:cancel:success\n7/18/25, 5:31 PM\n01:29\n15 messages\nit doesn't cover my gray hait\nReview status: not reviewed\nTags:\nproduction, origin:subscription-management, intent:otherwise, triage:subscription, authentication:logged-in, subscription:cancel, subscription:cancel:offer-presented, subscription:cancel:offer-presented:talk-to-colorist, subscription:cancel:success\n7/18/25, 5:29 PM\n00:41\n9 messages\nI would like a root touch up gloss and blow-dry next Friday\nReview status: not reviewed\nTags:\nproduction, origin:booking-flow, intent:otherwise, triage:appointment, appointment:create, authentication:logged-in, appointment:has-previous-location, appointment:previous-location-chosen, appointment:has-previous-service, appointment:previous-service-chosen, appointment:timeslot-selected, appointment:created, csat-5\n7/18/25, 5:27 PM\n01:23\n13 messages\nUnable to pause in the app so I want to cancel\nReview status: not reviewed\nTags:\nproduction, origin:membership-management, intent:otherwise, triage:subscription, authentication:logged-in, subscription:cancel, membership:hcb:cancel:rebuttal:limitless-pro, membership:hcb:cancel:success\n7/18/25, 5:27 PM\n01:17\n10 messages\ncancel subscription and refund my account asap please\nReview status: not reviewed\nTags:\nproduction, origin:subscription-management, intent:otherwise, triage:order\n7/18/25, 5:25 PM\n02:08\n11 messages\nPromo\nReview status: not reviewed\nTags:\nproduction, origin:booking-flow, intent:otherwise\n7/18/25, 5:24 PM\n00:02\n3 messages\nService no longer needed\nReview status: not reviewed\nTags:\nproduction, origin:membership-management, intent:otherwise, triage:subscription, authentication:logged-in, subscription:cancel, membership:hcb:cancel:rebuttal:limitless-pro, subscription:pause\n7/18/25, 5:23 PM\n02:20\n10 messages\nhi i was just trying to change my appointment it froze\nReview status: not reviewed\nTags:\nproduction, origin:other, intent:otherwise, triage:appointment, appointment:reschedule, authentication:logged-in, appointment:reschedule:one, appointment:reschedule:one:selected, appointment:timeslot-selected\n7/18/25, 5:23 PM\n00:59\n12 messages\nI need to cancel this subscription and this order #119966446\nReview status: not reviewed\nTags:\nproduction, origin:other, intent:otherwise, triage:order, triage:subscription, authentication:logged-in, subscription:skip, transfer, transfer:customer-request\n7/18/25, 5:22 PM\n01:14\n11 messages\ndo you do lowlights?\nReview status: not reviewed\nTags:\nproduction, origin:booking-flow, intent:otherwise, triage:knowledge-base\n7/18/25, 5:19 PM\n00:06\n3 messages\nI’m trying to book an appointment for •••••• at •••••• in •••••••••••• BUT I\nReview status: not reviewed\nTags:\nproduction, origin:other, intent:otherwise, triage:appointment, appointment:create, authentication:logged-in, appointment:has-previous-location, api_error, api_error:undefined\n7/18/25, 5:17 PM\n01:41\n7 messages\ncustomer service please\nReview status: not reviewed\nTags:\nproduction, origin:other, intent:otherwise, transfer, transfer:customer-request\n7/18/25, 5:16 PM\n00:02\n3 messages\nBook a consultation with\nReview status: not reviewed\nTags:\nproduction, origin:booking-flow, intent:otherwise, triage:appointment, appointment:create, authentication:not-logged-in, identify-customer, identify-customer:existing, appointment:service-category-chosen\n7/18/25, 5:15 PM\n01:17\n15 messages\nI do not need all over\nReview status: not reviewed\nTags:\nproduction, origin:subscription-management, intent:otherwise, triage:subscription, authentication:logged-in, subscription:cancel, subscription:cancel:success\n7/18/25, 5:14 PM\n00:29\n7 messages\nhi i’m not sure if i cancelled my appointment a minute ago i was hoping to reschedule can u help\nReview status: not reviewed\nTags:\nproduction, origin:booking-flow, intent:otherwise, triage:appointment, appointment:reschedule, authentication:not-logged-in, identify-customer, identify-customer:existing, appointment:reschedule:one, appointment:reschedule:one:selected, appointment:timeslot-selected\n7/18/25, 5:12 PM\n09:44\n30 messages\nI’d like to change my color to something a little lighter. How do I do that without using any bleach products?\nReview status: not reviewed\nTags:\nproduction, origin:other, intent:otherwise, triage:product-discovery, advice:color\n7/18/25, 5:11 PM\n01:20\n7 messages\nWhat hair color can match my color treated Platnum blonde hair?\nReview status: not reviewed\nTags:\nproduction, origin:other, intent:otherwise, triage:product-discovery, advice:color\n7/18/25, 5:09 PM\n02:11\n9 messages\nI have a question on this color, what color comes out over my shade that’s already very close to that color? My roots are a darker brown but the rest of my hair is a dark auburn\nReview status: not reviewed\nTags:\nproduction, origin:pdp, intent:otherwise, triage:product-discovery, advice:color\n7/18/25, 5:07 PM\n02:50\n11 messages\nNot coloring my hair anymore. Nothing to do with your great product.\nReview status: not reviewed\nTags:\nproduction, origin:subscription-management, intent:otherwise, triage:subscription, authentication:logged-in, subscription:cancel, subscription:cancel:success\n7/18/25, 5:05 PM\n01:01\n9 messages\nDoes not work for me.\nReview status: not reviewed\nTags:\nproduction, origin:membership-management, intent:otherwise, triage:subscription, authentication:logged-in, subscription:cancel, membership:hcb:cancel:rebuttal:limitless-pro-plus, membership:hcb:cancel:success\n7/18/25, 5:03 PM\n01:30\n10 messages\nreceived too many!\nReview status: not reviewed\nTags:\nproduction, origin:subscription-management, intent:otherwise, triage:subscription, authentication:logged-in, subscription:cancel, subscription:cancel:offer-presented, subscription:cancel:offer-presented:twenty-off-next-two, subscription:cancel:success\n7/18/25, 5:02 PM\n00:47\n9 messages\nhow often should I touch up highlights\nReview status: not reviewed\nTags:\nproduction, origin:other, intent:otherwise, triage:knowledge-base, triage:product-discovery\n7/18/25, 5:01 PM\n01:11\n5 messages\nI’ve tried canceling several times and you keep shipping me orders\nReview status: not reviewed\nTags:\nproduction, origin:subscription-management, intent:otherwise, triage:subscription, authentication:logged-in, subscription:cancel, subscription:cancel:non-hero:rebuttal, subscription:cancel:nonhero:success\n7/18/25, 5:00 PM\n00:30\n8 messages\nChange color\nReview status: not reviewed\nTags:\nproduction, origin:subscription-management, intent:otherwise, triage:product-discovery\n7/18/25, 5:00 PM\n03:31\n21 messages\nHi, I was just in the middle of a chat and I got cut off. The person who currently colors my hair does a single process and a glaze every three weeks. What is your equivalent of the glaze?\nReview status: not reviewed\nTags:\nproduction, origin:booking-flow, intent:otherwise, triage:knowledge-base, triage:pricing, pricing-info\n7/18/25, 4:57 PM\n01:59\n11 messages\nHello I wanted to make an appointment for a balayage\nReview status: not reviewed\nTags:\nproduction, origin:booking-flow, intent:otherwise, triage:appointment, appointment:create, authentication:not-logged-in, identify-customer, identify-customer:new, identify-customer:create-guest-customer, appointment:service-category-chosen\n7/18/25, 4:57 PM\n03:58\n15 messages\nI had to change my appointment want to reschedule for •••••••\nReview status: not reviewed\nTags:\nproduction, origin:booking-flow, intent:otherwise, triage:appointment, appointment:reschedule, authentication:logged-in, appointment:reschedule:one, appointment:reschedule:one:selected, transfer, transfer:customer-request\n7/18/25, 4:56 PM\n01:54\n10 messages\nHi, I have been coloring my hair with your products at home. not happy with the color and texture right now. I canceled my membership this month. I want to book an appointment and work with one of your colorist. what appt type should i book?\nReview status: not reviewed\nTags:\nproduction, origin:booking-flow, intent:otherwise, triage:appointment, appointment:create, authentication:logged-in\n7/18/25, 4:55 PM\n01:53\n12 messages\nI’d like to change my appointment •••••• at • for ••••.\nReview status: not reviewed\nTags:\nproduction, origin:booking-flow, intent:otherwise, triage:appointment, appointment:reschedule, authentication:logged-in, appointment:reschedule:none, appointment:create, appointment:has-previous-location\n7/18/25, 4:54 PM\n01:05\n9 messages\nHello. So you have a full head single process available tomorrow morning in ••••••••••?\nReview status: not reviewed\nTags:\nproduction, origin:booking-flow, intent:otherwise, triage:appointment, appointment:create, authentication:not-logged-in, identify-customer, api_error, api_error:422, identify-customer:existing, appointment:has-previous-location, appointment:previous-location-chosen, appointment:service-category-chosen, appointment:service-chosen, appointment:addon-exists, appointment:addon-not-chosen\n7/18/25, 4:53 PM\n03:29\n21 messages\nI use 7.5 NNA . Would I use 7N for root touch up ?\nReview status: not reviewed\nTags:\nproduction, origin:shop, intent:otherwise, triage:product-discovery, advice:color\n7/18/25, 4:50 PM\n00:52\n7 messages\nI need the phone number for customer service regarding a refund not yet received yet\nReview status: not reviewed\nTags:\nproduction, origin:other, intent:otherwise\n7/18/25, 4:50 PM\n00:04\n3 messages\nIf you do the limitless pro plus program does that include a glaze or gloss?\nReview status: not reviewed\nTags:\nproduction, origin:other, intent:otherwise, triage:knowledge-base\n7/18/25, 4:49 PM\n01:26\n9 messages\nnot interested\nReview status: not reviewed\nTags:\nproduction, origin:subscription-management, intent:otherwise, triage:subscription, authentication:logged-in, subscription:cancel, subscription:cancel:success\n7/18/25, 4:49 PM\n01:30\n17 messages\nIf I use 7.5NNA , what color root touch up would I need ?\nReview status: not reviewed\nTags:\nproduction, origin:other, intent:otherwise, triage:product-discovery, advice:color\n7/18/25, 4:48 PM\n00:36\n7 messages\nI need to create a password I bought a membership yesterday. How do I do that so that I can make my next appointment?\nReview status: not reviewed\nTags:\nproduction, origin:other, intent:otherwise, triage:transfer, transfer, transfer:customer-request\n7/18/25, 4:44 PM\n02:42\n11 messages\nHi I would like to book full foil today at •••••• in Corte Madera\nReview status: not reviewed\nTags:\nproduction, origin:other, intent:otherwise, triage:appointment, appointment:create, authentication:logged-in, appointment:service-category-chosen, appointment:service-chosen, appointment:addon-exists, appointment:addon-not-chosen\n7/18/25, 4:44 PM\n02:16\n13 messages\nShade match\nReview status: not reviewed\nTags:\nproduction, origin:shop, intent:otherwise, triage:product-discovery, advice:color\n7/18/25, 4:43 PM\n00:42\n5 messages\nRefund status\nReview status: not reviewed\nTags:\nproduction, origin:other, intent:otherwise, triage:order, transfer, transfer:customer-request\n7/18/25, 4:42 PM\n01:35\n15 messages\nI have white (gray hair) and want low lights added\nReview status: not reviewed\nTags:\nproduction, origin:booking-flow, intent:otherwise, triage:product-discovery, advice:color\n7/18/25, 4:42 PM\n01:13\n9 messages\nBook full foul\nReview status: not reviewed\nTags:\nproduction, origin:booking-flow, intent:otherwise, triage:appointment, appointment:create, authentication:logged-in\n7/18/25, 4:42 PM\n00:28\n9 messages\nMy appointment was canceled\nReview status: not reviewed\nTags:\nproduction, origin:membership-management, intent:otherwise, triage:subscription, authentication:logged-in, subscription:cancel, membership:hcb:cancel:rebuttal:limitless-pro, transfer, transfer:customer-request\n7/18/25, 4:42 PM\n01:08\n14 messages\nWhat shade to buy for a light blonde?\nReview status: not reviewed\nTags:\nproduction, origin:pdp, intent:otherwise, triage:product-discovery, advice:color\n7/18/25, 4:41 PM\n00:23\n5 messages\nMy billing information is correct, a text just said it isn't.\nReview status: not reviewed\nTags:\nproduction, origin:other, intent:otherwise, triage:order, triage:subscription, authentication:logged-in, subscription:ship-now, api_error, api_error:400\n7/18/25, 4:41 PM\n03:28\n29 messages\nI’d like to cancel my membership\nReview status: not reviewed\nTags:\nproduction, origin:other, intent:otherwise, triage:subscription, authentication:logged-in, subscription:cancel, triage:order, triage:knowledge-base\n7/18/25, 4:39 PM\n29:49\n33 messages"
      }
    ],
    "isError": false
  }
}
[2025-07-18T17:35:11.009Z] [DEBUG] REQUEST: {
  "timestamp": "2025-07-18T17:35:11.009Z",
  "type": "CallTool",
  "params": {
    "name": "stagehand_act",
    "arguments": {
      "action": "Click the Utilities button in the left sidebar"
    }
  }
}
[2025-07-18T17:35:17.970Z] [DEBUG] RESPONSE: {
  "timestamp": "2025-07-18T17:35:17.970Z",
  "type": "CallTool",
  "response": {
    "content": [
      {
        "type": "text",
        "text": "Action performed: Click the Utilities button in the left sidebar"
      }
    ],
    "isError": false
  }
}
[2025-07-18T17:35:20.820Z] [DEBUG] REQUEST: {
  "timestamp": "2025-07-18T17:35:20.820Z",
  "type": "CallTool",
  "params": {
    "name": "stagehand_act",
    "arguments": {
      "action": "Click the Chat Analyzer button"
    }
  }
}
[2025-07-18T17:35:27.525Z] [DEBUG] RESPONSE: {
  "timestamp": "2025-07-18T17:35:27.525Z",
  "type": "CallTool",
  "response": {
    "content": [
      {
        "type": "text",
        "text": "Action performed: Click the Chat Analyzer button"
      }
    ],
    "isError": false
  }
}
[2025-07-18T17:35:28.723Z] [DEBUG] REQUEST: {
  "timestamp": "2025-07-18T17:35:28.723Z",
  "type": "CallTool",
  "params": {
    "name": "stagehand_observe",
    "arguments": {
      "instruction": "Find the input field for entering prompts in the Chat Analyzer"
    }
  }
}
[2025-07-18T17:35:31.142Z] [DEBUG] RESPONSE: {
  "timestamp": "2025-07-18T17:35:31.142Z",
  "type": "CallTool",
  "response": {
    "content": [
      {
        "type": "text",
        "text": "Observations: [{\"description\":\"The input field for entering prompts in the Chat Analyzer, located under the 'Prompt' section.\",\"selector\":\"xpath=/html[1]/body[1]/div[3]/div[2]/div[1]/div[1]/div[2]/div[1]/div[1]/form[1]/div[2]/div[2]/div[1]/label[1]/div[1]/textarea[1]\"}]"
      }
    ],
    "isError": false
  }
}
[2025-07-18T17:35:33.134Z] [DEBUG] REQUEST: {
  "timestamp": "2025-07-18T17:35:33.134Z",
  "type": "CallTool",
  "params": {
    "name": "stagehand_act",
    "arguments": {
      "action": "Type 'Classify the conversation based on the user's intent.' into the prompt input field"
    }
  }
}
[2025-07-18T17:35:37.794Z] [DEBUG] RESPONSE: {
  "timestamp": "2025-07-18T17:35:37.794Z",
  "type": "CallTool",
  "response": {
    "content": [
      {
        "type": "text",
        "text": "Action performed: Type 'Classify the conversation based on the user's intent.' into the prompt input field"
      }
    ],
    "isError": false
  }
}
[2025-07-18T17:35:39.169Z] [DEBUG] REQUEST: {
  "timestamp": "2025-07-18T17:35:39.169Z",
  "type": "CallTool",
  "params": {
    "name": "stagehand_act",
    "arguments": {
      "action": "Click the Run button"
    }
  }
}
[2025-07-18T17:35:45.841Z] [DEBUG] RESPONSE: {
  "timestamp": "2025-07-18T17:35:45.841Z",
  "type": "CallTool",
  "response": {
    "content": [
      {
        "type": "text",
        "text": "Action performed: Click the Run button"
      }
    ],
    "isError": false
  }
}
[2025-07-18T17:39:40.886Z] [DEBUG] REQUEST: {
  "timestamp": "2025-07-18T17:39:40.886Z",
  "type": "ListTools"
}
[2025-07-18T17:39:40.886Z] [DEBUG] RESPONSE: {
  "timestamp": "2025-07-18T17:39:40.886Z",
  "type": "ListTools",
  "response": {
    "tools": [
      {
        "name": "stagehand_navigate",
        "description": "Navigate to a URL in the browser. Only use this tool with URLs you're confident will work and stay up to date. Otheriwse use https://google.com as the starting point",
        "inputSchema": {
          "type": "object",
          "properties": {
            "url": {
              "type": "string",
              "description": "The URL to navigate to"
            }
          },
          "required": [
            "url"
          ]
        }
      },
      {
        "name": "stagehand_act",
        "description": "Performs an action on a web page element. Act actions should be as atomic and \n      specific as possible, i.e. \"Click the sign in button\" or \"Type 'hello' into the search input\". \n      AVOID actions that are more than one step, i.e. \"Order me pizza\" or \"Send an email to Paul \n      asking him to call me\". ",
        "inputSchema": {
          "type": "object",
          "properties": {
            "action": {
              "type": "string",
              "description": "The action to perform. Should be as atomic and specific as possible, \n          i.e. 'Click the sign in button' or 'Type 'hello' into the search input'. AVOID actions that are more than one \n          step, i.e. 'Order me pizza' or 'Send an email to Paul asking him to call me'. The instruction should be just as specific as possible, \n          and have a strong correlation to the text on the page. If unsure, use observe before using act.\""
            },
            "variables": {
              "type": "object",
              "additionalProperties": true,
              "description": "Variables used in the action template. ONLY use variables if you're dealing \n            with sensitive data or dynamic content. For example, if you're logging in to a website, \n            you can use a variable for the password. When using variables, you MUST have the variable\n            key in the action template. For example: {\"action\": \"Fill in the password\", \"variables\": {\"password\": \"123456\"}}"
            }
          },
          "required": [
            "action"
          ]
        }
      },
      {
        "name": "stagehand_extract",
        "description": "Extracts all of the text from the current page.",
        "inputSchema": {
          "type": "object",
          "properties": {}
        }
      },
      {
        "name": "stagehand_observe",
        "description": "Observes elements on the web page. Use this tool to observe elements that you can later use in an action. Use observe instead of extract when dealing with actionable (interactable) elements rather than text. More often than not, you'll want to use extract instead of observe when dealing with scraping or extracting structured text.",
        "inputSchema": {
          "type": "object",
          "properties": {
            "instruction": {
              "type": "string",
              "description": "Instruction for observation (e.g., 'find the login button'). This instruction must be extremely specific."
            }
          },
          "required": [
            "instruction"
          ]
        }
      },
      {
        "name": "screenshot",
        "description": "Takes a screenshot of the current page. Use this tool to learn where you are on the page when controlling the browser with Stagehand. Only use this tool when the other tools are not sufficient to get the information you need.",
        "inputSchema": {
          "type": "object",
          "properties": {}
        }
      }
    ]
  }
}
[2025-07-18T17:39:40.886Z] [DEBUG] REQUEST: {
  "timestamp": "2025-07-18T17:39:40.886Z",
  "type": "ListTools"
}
[2025-07-18T17:39:40.886Z] [DEBUG] RESPONSE: {
  "timestamp": "2025-07-18T17:39:40.886Z",
  "type": "ListTools",
  "response": {
    "tools": [
      {
        "name": "stagehand_navigate",
        "description": "Navigate to a URL in the browser. Only use this tool with URLs you're confident will work and stay up to date. Otheriwse use https://google.com as the starting point",
        "inputSchema": {
          "type": "object",
          "properties": {
            "url": {
              "type": "string",
              "description": "The URL to navigate to"
            }
          },
          "required": [
            "url"
          ]
        }
      },
      {
        "name": "stagehand_act",
        "description": "Performs an action on a web page element. Act actions should be as atomic and \n      specific as possible, i.e. \"Click the sign in button\" or \"Type 'hello' into the search input\". \n      AVOID actions that are more than one step, i.e. \"Order me pizza\" or \"Send an email to Paul \n      asking him to call me\". ",
        "inputSchema": {
          "type": "object",
          "properties": {
            "action": {
              "type": "string",
              "description": "The action to perform. Should be as atomic and specific as possible, \n          i.e. 'Click the sign in button' or 'Type 'hello' into the search input'. AVOID actions that are more than one \n          step, i.e. 'Order me pizza' or 'Send an email to Paul asking him to call me'. The instruction should be just as specific as possible, \n          and have a strong correlation to the text on the page. If unsure, use observe before using act.\""
            },
            "variables": {
              "type": "object",
              "additionalProperties": true,
              "description": "Variables used in the action template. ONLY use variables if you're dealing \n            with sensitive data or dynamic content. For example, if you're logging in to a website, \n            you can use a variable for the password. When using variables, you MUST have the variable\n            key in the action template. For example: {\"action\": \"Fill in the password\", \"variables\": {\"password\": \"123456\"}}"
            }
          },
          "required": [
            "action"
          ]
        }
      },
      {
        "name": "stagehand_extract",
        "description": "Extracts all of the text from the current page.",
        "inputSchema": {
          "type": "object",
          "properties": {}
        }
      },
      {
        "name": "stagehand_observe",
        "description": "Observes elements on the web page. Use this tool to observe elements that you can later use in an action. Use observe instead of extract when dealing with actionable (interactable) elements rather than text. More often than not, you'll want to use extract instead of observe when dealing with scraping or extracting structured text.",
        "inputSchema": {
          "type": "object",
          "properties": {
            "instruction": {
              "type": "string",
              "description": "Instruction for observation (e.g., 'find the login button'). This instruction must be extremely specific."
            }
          },
          "required": [
            "instruction"
          ]
        }
      },
      {
        "name": "screenshot",
        "description": "Takes a screenshot of the current page. Use this tool to learn where you are on the page when controlling the browser with Stagehand. Only use this tool when the other tools are not sufficient to get the information you need.",
        "inputSchema": {
          "type": "object",
          "properties": {}
        }
      }
    ]
  }
}
[2025-07-18T17:39:42.206Z] [DEBUG] REQUEST: {
  "timestamp": "2025-07-18T17:39:42.206Z",
  "type": "CallTool",
  "params": {
    "name": "stagehand_navigate",
    "arguments": {
      "url": "https://madison-reed.sierra.ai"
    }
  }
}
[2025-07-18T17:39:47.589Z] [DEBUG] RESPONSE: {
  "timestamp": "2025-07-18T17:39:47.589Z",
  "type": "CallTool",
  "response": {
    "content": [
      {
        "type": "text",
        "text": "Navigated to: https://madison-reed.sierra.ai"
      },
      {
        "type": "text",
        "text": "View the live session here: https://browserbase.com/sessions/ffcad7a1-3540-46bc-8b03-ad7e67cdfc71"
      }
    ],
    "isError": false
  }
}
[2025-07-18T17:39:49.740Z] [DEBUG] REQUEST: {
  "timestamp": "2025-07-18T17:39:49.740Z",
  "type": "CallTool",
  "params": {
    "name": "stagehand_act",
    "arguments": {
      "action": "Type 'arianna.schwartz@madison-reed.com' into the email input field"
    }
  }
}
[2025-07-18T17:39:54.027Z] [DEBUG] RESPONSE: {
  "timestamp": "2025-07-18T17:39:54.027Z",
  "type": "CallTool",
  "response": {
    "content": [
      {
        "type": "text",
        "text": "Action performed: Type 'arianna.schwartz@madison-reed.com' into the email input field"
      }
    ],
    "isError": false
  }
}
[2025-07-18T17:39:55.821Z] [DEBUG] REQUEST: {
  "timestamp": "2025-07-18T17:39:55.821Z",
  "type": "CallTool",
  "params": {
    "name": "stagehand_act",
    "arguments": {
      "action": "Click the sign in button"
    }
  }
}
[2025-07-18T17:40:03.105Z] [DEBUG] RESPONSE: {
  "timestamp": "2025-07-18T17:40:03.105Z",
  "type": "CallTool",
  "response": {
    "content": [
      {
        "type": "text",
        "text": "Action performed: Click the sign in button"
      }
    ],
    "isError": false
  }
}
[2025-07-18T17:40:12.626Z] [DEBUG] REQUEST: {
  "timestamp": "2025-07-18T17:40:12.626Z",
  "type": "CallTool",
  "params": {
    "name": "stagehand_act",
    "arguments": {
      "action": "Type 'X2SFLY' into the verification code input field"
    }
  }
}
[2025-07-18T17:40:16.590Z] [DEBUG] RESPONSE: {
  "timestamp": "2025-07-18T17:40:16.590Z",
  "type": "CallTool",
  "response": {
    "content": [
      {
        "type": "text",
        "text": "Action performed: Type 'X2SFLY' into the verification code input field"
      }
    ],
    "isError": false
  }
}
[2025-07-18T17:40:19.476Z] [DEBUG] REQUEST: {
  "timestamp": "2025-07-18T17:40:19.476Z",
  "type": "CallTool",
  "params": {
    "name": "stagehand_act",
    "arguments": {
      "action": "Click the verify code button"
    }
  }
}
[2025-07-18T17:40:28.563Z] [DEBUG] RESPONSE: {
  "timestamp": "2025-07-18T17:40:28.563Z",
  "type": "CallTool",
  "response": {
    "content": [
      {
        "type": "text",
        "text": "Action performed: Click the verify code button"
      }
    ],
    "isError": false
  }
}
[2025-07-18T17:40:30.310Z] [DEBUG] REQUEST: {
  "timestamp": "2025-07-18T17:40:30.310Z",
  "type": "CallTool",
  "params": {
    "name": "stagehand_observe",
    "arguments": {
      "instruction": "Check for the presence of dashboard elements indicating successful login."
    }
  }
}
[2025-07-18T17:40:36.272Z] [DEBUG] RESPONSE: {
  "timestamp": "2025-07-18T17:40:36.272Z",
  "type": "CallTool",
  "response": {
    "content": [
      {
        "type": "text",
        "text": "Observations: [{\"description\":\"Heading: Conversations - This heading indicates the user is on the dashboard page.\",\"selector\":\"xpath=/html[1]/body[1]/div[3]/div[2]/div[1]/div[1]/div[1]/div[1]/div[1]\"},{\"description\":\"Button: Conversation list actions - This button is part of the dashboard, allowing users to perform actions on conversation lists.\",\"selector\":\"xpath=/html[1]/body[1]/div[3]/div[2]/div[1]/div[1]/div[1]/div[1]/div[1]/div[2]/div[1]/button[1]\"},{\"description\":\"Button: Search conversations - This button allows users to search through conversations, a typical dashboard feature.\",\"selector\":\"xpath=/html[1]/body[1]/div[3]/div[2]/div[1]/div[1]/div[1]/div[1]/div[2]/button[1]\"},{\"description\":\"Button: Filter to time range - This button allows users to filter conversations by time range, indicating a dashboard feature.\",\"selector\":\"xpath=/html[1]/body[1]/div[3]/div[2]/div[1]/div[1]/div[1]/div[1]/div[2]/button[2]\"},{\"description\":\"Button: Tags - This button allows users to manage tags, a feature often found in dashboards.\",\"selector\":\"xpath=/html[1]/body[1]/div[3]/div[2]/div[1]/div[1]/div[1]/div[1]/div[2]/button[3]\"},{\"description\":\"Button: Status - This button allows users to manage the status of conversations, a dashboard feature.\",\"selector\":\"xpath=/html[1]/body[1]/div[3]/div[2]/div[1]/div[1]/div[1]/div[1]/div[2]/button[4]\"},{\"description\":\"Button: Channels - This button allows users to manage communication channels, a feature of the dashboard.\",\"selector\":\"xpath=/html[1]/body[1]/div[3]/div[2]/div[1]/div[1]/div[1]/div[1]/div[2]/button[5]\"}]"
      }
    ],
    "isError": false
  }
}
[2025-07-18T17:40:39.818Z] [DEBUG] REQUEST: {
  "timestamp": "2025-07-18T17:40:39.818Z",
  "type": "CallTool",
  "params": {
    "name": "stagehand_observe",
    "arguments": {
      "instruction": "Find the Utilities button in the left sidebar."
    }
  }
}
[2025-07-18T17:40:45.194Z] [DEBUG] RESPONSE: {
  "timestamp": "2025-07-18T17:40:45.194Z",
  "type": "CallTool",
  "response": {
    "content": [
      {
        "type": "text",
        "text": "Observations: [{\"description\":\"button: Utilities\",\"selector\":\"xpath=/html[1]/body[1]/div[3]/div[1]/nav[1]/div[2]/div[2]/button[1]\"}]"
      }
    ],
    "isError": false
  }
}
[2025-07-18T17:40:46.402Z] [DEBUG] REQUEST: {
  "timestamp": "2025-07-18T17:40:46.402Z",
  "type": "CallTool",
  "params": {
    "name": "stagehand_act",
    "arguments": {
      "action": "Click the Utilities button"
    }
  }
}
[2025-07-18T17:40:53.479Z] [DEBUG] RESPONSE: {
  "timestamp": "2025-07-18T17:40:53.479Z",
  "type": "CallTool",
  "response": {
    "content": [
      {
        "type": "text",
        "text": "Action performed: Click the Utilities button"
      }
    ],
    "isError": false
  }
}
[2025-07-18T17:40:55.146Z] [DEBUG] REQUEST: {
  "timestamp": "2025-07-18T17:40:55.146Z",
  "type": "CallTool",
  "params": {
    "name": "stagehand_observe",
    "arguments": {
      "instruction": "Find the Chat Analyzer button in the dropdown."
    }
  }
}
[2025-07-18T17:40:58.867Z] [DEBUG] RESPONSE: {
  "timestamp": "2025-07-18T17:40:58.867Z",
  "type": "CallTool",
  "response": {
    "content": [
      {
        "type": "text",
        "text": "Observations: [{\"description\":\"The 'Chat analyzer' button within the 'Utilities' dropdown menu, used to analyze chat conversations.\",\"selector\":\"xpath=/html[1]/body[1]/div[4]/div[1]/div[1]\"}]"
      }
    ],
    "isError": false
  }
}
[2025-07-18T17:41:00.406Z] [DEBUG] REQUEST: {
  "timestamp": "2025-07-18T17:41:00.406Z",
  "type": "CallTool",
  "params": {
    "name": "stagehand_act",
    "arguments": {
      "action": "Click the Chat Analyzer button"
    }
  }
}
[2025-07-18T17:41:06.351Z] [DEBUG] RESPONSE: {
  "timestamp": "2025-07-18T17:41:06.351Z",
  "type": "CallTool",
  "response": {
    "content": [
      {
        "type": "text",
        "text": "Action performed: Click the Chat Analyzer button"
      }
    ],
    "isError": false
  }
}
[2025-07-18T17:41:07.987Z] [DEBUG] REQUEST: {
  "timestamp": "2025-07-18T17:41:07.987Z",
  "type": "CallTool",
  "params": {
    "name": "stagehand_observe",
    "arguments": {
      "instruction": "Find the input area where I can enter a prompt for the chat Analyzer."
    }
  }
}
[2025-07-18T17:41:12.326Z] [DEBUG] RESPONSE: {
  "timestamp": "2025-07-18T17:41:12.326Z",
  "type": "CallTool",
  "response": {
    "content": [
      {
        "type": "text",
        "text": "Observations: [{\"description\":\"This is the textbox where the user can enter a prompt for the chat Analyzer. It is labeled with 'Prompt' and is intended for classifying the conversation based on the user's intent.\",\"selector\":\"xpath=/html[1]/body[1]/div[3]/div[2]/div[1]/div[1]/div[2]/div[1]/div[1]/form[1]/div[2]/div[2]/div[1]/label[1]/div[1]/textarea[1]\"}]"
      }
    ],
    "isError": false
  }
}
[2025-07-18T17:41:15.053Z] [DEBUG] REQUEST: {
  "timestamp": "2025-07-18T17:41:15.053Z",
  "type": "CallTool",
  "params": {
    "name": "stagehand_act",
    "arguments": {
      "action": "Type 'Classify the conversation based on the user's intent.' into the prompt input area."
    }
  }
}
[2025-07-18T17:41:20.386Z] [DEBUG] RESPONSE: {
  "timestamp": "2025-07-18T17:41:20.386Z",
  "type": "CallTool",
  "response": {
    "content": [
      {
        "type": "text",
        "text": "Action performed: Type 'Classify the conversation based on the user's intent.' into the prompt input area."
      }
    ],
    "isError": false
  }
}
[2025-07-18T17:41:21.929Z] [DEBUG] REQUEST: {
  "timestamp": "2025-07-18T17:41:21.929Z",
  "type": "CallTool",
  "params": {
    "name": "stagehand_act",
    "arguments": {
      "action": "Click the Run button"
    }
  }
}
[2025-07-18T17:41:28.734Z] [DEBUG] RESPONSE: {
  "timestamp": "2025-07-18T17:41:28.734Z",
  "type": "CallTool",
  "response": {
    "content": [
      {
        "type": "text",
        "text": "Action performed: Click the Run button"
      }
    ],
    "isError": false
  }
}
[2025-07-18T17:41:34.129Z] [DEBUG] REQUEST: {
  "timestamp": "2025-07-18T17:41:34.129Z",
  "type": "CallTool",
  "params": {
    "name": "stagehand_observe",
    "arguments": {
      "instruction": "Look for any loading icons to determine if the analysis is still processing."
    }
  }
}
[2025-07-18T17:41:36.761Z] [DEBUG] RESPONSE: {
  "timestamp": "2025-07-18T17:41:36.761Z",
  "type": "CallTool",
  "response": {
    "content": [
      {
        "type": "text",
        "text": "Observations: [{\"description\":\"A button labeled 'Running...' which likely indicates a loading or processing state.\",\"selector\":\"xpath=/html[1]/body[1]/div[3]/div[2]/div[1]/div[1]/div[2]/div[1]/div[1]/form[1]/div[2]/div[2]/div[1]/div[1]/div[1]/button[1]\"}]"
      }
    ],
    "isError": false
  }
}
[2025-07-18T17:41:38.748Z] [DEBUG] REQUEST: {
  "timestamp": "2025-07-18T17:41:38.748Z",
  "type": "CallTool",
  "params": {
    "name": "stagehand_observe",
    "arguments": {
      "instruction": "Verify if the loading icon is still present or if the analysis has completed."
    }
  }
}
[2025-07-18T17:41:41.890Z] [DEBUG] RESPONSE: {
  "timestamp": "2025-07-18T17:41:41.890Z",
  "type": "CallTool",
  "response": {
    "content": [
      {
        "type": "text",
        "text": "Observations: [{\"description\":\"button: Running...\",\"selector\":\"xpath=/html[1]/body[1]/div[3]/div[2]/div[1]/div[1]/div[2]/div[1]/div[1]/form[1]/div[2]/div[2]/div[1]/div[1]/div[1]/button[1]\"}]"
      }
    ],
    "isError": false
  }
}
[2025-07-18T17:41:43.334Z] [DEBUG] REQUEST: {
  "timestamp": "2025-07-18T17:41:43.334Z",
  "type": "CallTool",
  "params": {
    "name": "stagehand_observe",
    "arguments": {
      "instruction": "Continue monitoring for the loading icon until it disappears."
    }
  }
}
[2025-07-18T17:41:45.971Z] [DEBUG] RESPONSE: {
  "timestamp": "2025-07-18T17:41:45.971Z",
  "type": "CallTool",
  "response": {
    "content": [
      {
        "type": "text",
        "text": "Observations: [{\"description\":\"button: Running...\",\"selector\":\"xpath=/html[1]/body[1]/div[3]/div[2]/div[1]/div[1]/div[2]/div[1]/div[1]/form[1]/div[2]/div[2]/div[1]/div[1]/div[1]/button[1]\"}]"
      }
    ],
    "isError": false
  }
}
[2025-07-18T17:41:48.083Z] [DEBUG] REQUEST: {
  "timestamp": "2025-07-18T17:41:48.083Z",
  "type": "CallTool",
  "params": {
    "name": "stagehand_observe",
    "arguments": {
      "instruction": "Check again if the analysis has finished and the loading icon has disappeared."
    }
  }
}
[2025-07-18T17:41:50.493Z] [DEBUG] RESPONSE: {
  "timestamp": "2025-07-18T17:41:50.493Z",
  "type": "CallTool",
  "response": {
    "content": [
      {
        "type": "text",
        "text": "Observations: [{\"description\":\"button labeled 'Running...' indicating the analysis is still in progress.\",\"selector\":\"xpath=/html[1]/body[1]/div[3]/div[2]/div[1]/div[1]/div[2]/div[1]/div[1]/form[1]/div[2]/div[2]/div[1]/div[1]/div[1]/button[1]\"}]"
      }
    ],
    "isError": false
  }
}
[2025-07-18T17:41:54.366Z] [DEBUG] REQUEST: {
  "timestamp": "2025-07-18T17:41:54.366Z",
  "type": "CallTool",
  "params": {
    "name": "stagehand_observe",
    "arguments": {
      "instruction": "Monitor for the loading icon and wait for it to disappear."
    }
  }
}
[2025-07-18T17:41:57.379Z] [DEBUG] RESPONSE: {
  "timestamp": "2025-07-18T17:41:57.379Z",
  "type": "CallTool",
  "response": {
    "content": [
      {
        "type": "text",
        "text": "Observations: [{\"description\":\"button: Running...\",\"selector\":\"xpath=/html[1]/body[1]/div[3]/div[2]/div[1]/div[1]/div[2]/div[1]/div[1]/form[1]/div[2]/div[2]/div[1]/div[1]/div[1]/button[1]\"}]"
      }
    ],
    "isError": false
  }
}
[2025-07-18T17:42:01.239Z] [DEBUG] REQUEST: {
  "timestamp": "2025-07-18T17:42:01.239Z",
  "type": "CallTool",
  "params": {
    "name": "stagehand_observe",
    "arguments": {
      "instruction": "Continuously check for changes in the loading status of the Chat Analyzer."
    }
  }
}
[2025-07-18T17:42:06.934Z] [DEBUG] RESPONSE: {
  "timestamp": "2025-07-18T17:42:06.934Z",
  "type": "CallTool",
  "response": {
    "content": [
      {
        "type": "text",
        "text": "Observations: [{\"description\":\"Heading for the Chat Analyzer section, indicating the start of the chat analysis content.\",\"selector\":\"xpath=/html[1]/body[1]/div[3]/div[2]/div[1]/div[1]/div[1]/h1[1]\"},{\"description\":\"Button to show the history of the chat analysis, potentially indicating the loading status.\",\"selector\":\"xpath=/html[1]/body[1]/div[3]/div[2]/div[1]/div[1]/div[1]/button[1]\"}]"
      }
    ],
    "isError": false
  }
}
[2025-07-18T17:42:08.779Z] [DEBUG] REQUEST: {
  "timestamp": "2025-07-18T17:42:08.779Z",
  "type": "CallTool",
  "params": {
    "name": "stagehand_extract",
    "arguments": {}
  }
}
[2025-07-18T17:42:09.128Z] [DEBUG] RESPONSE: {
  "timestamp": "2025-07-18T17:42:09.128Z",
  "type": "CallTool",
  "response": {
    "content": [
      {
        "type": "text",
        "text": "Extracted content:\nMadi, Your Virtual Concierge\nReview\nConversations\nReports\nIssues\nUtilities\nCustomize\nConfiguration\nKnowledge\nBuild\nDocumentation\nMadi, Your Virtual Concierge\nChat analyzer\nShow history\nJul 11 5:40PM - Jul 18 5:40PM\nTags\nAdvanced\nPrompt\nRun\n⌘⏎\nSample Prompts\nUser intent\nUser sentiment\nResolution analysis\nDefect analysis\nCancel reason\nTransfer reason\nLow CSAT reason\nKnowledge issue analysis\nResults\nCopy buckets\nCopy shareable link\nSampled 200 data points (5% sample ratio) and classified them into 6 categories.\nCategory distribution\nOptions to customize the chart\nJul 11\nJul 12\nJul 13\nJul 14\nJul 15\nJul 16\nJul 17\nJul 18\n10\n20\n30\nCategory\tCount\tSummary\tExamples\tActions\nSubscription & Membership Management\n85 (43%)\tCustomers most frequently requested to cancel, pause, or modify their subscriptions or memberships due to reasons such as having too much product on hand (“I have too many boxes”), switching to salon services (“I get my hair done now at the salon”), dissatisfaction with product results (“it doesn't cover my gray hair”), or cost concerns (“It’s just expensive”). Several customers also needed help updating payment methods, changing shipment dates, or understanding membership perks and pricing, with some expressing frustration over technical issues (e.g., “Request failed with status code 403” when updating payment) or unclear billing (“Why was I charged $49 on my last shipment? It's supposed to be $28”).\n1,2,3,4,5,6,7,8,9,10\nCreate review batch\nProduct & Color Inquiry/Recommendation\n44 (22%)\tThe customer, who uses Firenze Brown, repeatedly asked for a specific Root Perfection root touch-up kit to match their color and cover grays between monthly colorings, but the AI agent failed to provide a direct shade recommendation and instead repeatedly redirected to general product pages and asked clarifying questions, leading to customer frustration and a request for human support.\n1,2,3,4,5,6,7,8,9,10\nCreate review batch\nAppointment Scheduling & Modification\n27 (13%)\tCustomers in these chat logs primarily requested to schedule, reschedule, or cancel in-person hair color appointments, including services such as root touch-ups, all-over color, gloss, highlights, and consultations at specific Hair Color Bar locations (e.g., “I’d like to schedule an appointment for a root touchup tomorrow at the Rice Village location,” “Please cancel my upcoming appt,” “I need to reschedule my appointment for Thursday at Campbell office”). The AI agent guided customers through selecting service types, confirming locations and times, applying promo codes, and clarifying policies, while also handling special requests like adding blowouts or accent highlights and addressing concerns about appointment fees and membership perks.\n1,2,3,4,5,6,7,8,9,10\nCreate review batch\nOrder, Return & Exchange Issues\n21 (10%)\tCustomers reached out for help with a variety of order, return, and exchange issues, including missing deliveries (\"I never received my most recent order\"), orders delivered to the wrong address (\"order delivered to the wrong address\"), product defects (\"product received had a leak, would like a replacement sent\"), unwanted or duplicate orders (\"I want a refund for my order, I place 2 on accident\"), and returns/refunds for unused or unsatisfactory products (\"I returned an order 2 months ago, and I am still waiting on the refund\"). The AI agent provided instructions for returns, exchanges, and contacting customer service, and in several cases directed customers to call or email for further assistance when the issue could not be resolved in chat.\n1,2,3,4,5,6,7,8,9,10\nCreate review batch\nPromotion & Pricing Inquiries\n16 (8%)\tCustomers inquired about various promotions, discounts, and pricing details, including how to use specific promo codes like BIRTHDAY25, NEWCLIENT20, and SUMMERSUB, eligibility for first-time customer offers, and clarification on membership perks and service pricing (e.g., whether professional blowouts are included in memberships, the cost of balayage at specific locations, and why a root color service was priced at $150 instead of $90). Several customers also reported issues with promo codes not applying at checkout or not receiving expected birthday credits, prompting the AI agent to request more details or clarify current active offers.\n1,2,3,4,5,6,7,8,9,10\nCreate review batch\nTechnical & Customer Support/Contact Issues\n7 (4%)\tCustomers repeatedly requested help updating or changing the email address associated with their account, but were unable to find the \"Keep In Touch\" section or an option to change their login email, leading to confusion and ultimately requests to speak with a human agent for further assistance. Additionally, one customer reported that the app’s color selection option was greyed out for one-time orders, indicating technical issues with account management and product browsing features.\n1,2,3,4,5,6,7\nCreate review batch\n30"
      }
    ],
    "isError": false
  }
}
