[2025-07-08T10:12:55.447Z] [DEBUG] REQUEST: {
  "timestamp": "2025-07-08T10:12:55.447Z",
  "type": "ListTools"
}
[2025-07-08T10:12:55.447Z] [DEBUG] RESPONSE: {
  "timestamp": "2025-07-08T10:12:55.447Z",
  "type": "ListTools",
  "response": {
    "tools": [
      {
        "name": "stagehand_navigate",
        "description": "Navigate to a URL in the browser. Only use this tool with URLs you're confident will work and stay up to date. Otheriwse use https://google.com as the starting point",
        "inputSchema": {
          "type": "object",
          "properties": {
            "url": {
              "type": "string",
              "description": "The URL to navigate to"
            }
          },
          "required": [
            "url"
          ]
        }
      },
      {
        "name": "stagehand_act",
        "description": "Performs an action on a web page element. Act actions should be as atomic and \n      specific as possible, i.e. \"Click the sign in button\" or \"Type 'hello' into the search input\". \n      AVOID actions that are more than one step, i.e. \"Order me pizza\" or \"Send an email to Paul \n      asking him to call me\". ",
        "inputSchema": {
          "type": "object",
          "properties": {
            "action": {
              "type": "string",
              "description": "The action to perform. Should be as atomic and specific as possible, \n          i.e. 'Click the sign in button' or 'Type 'hello' into the search input'. AVOID actions that are more than one \n          step, i.e. 'Order me pizza' or 'Send an email to Paul asking him to call me'. The instruction should be just as specific as possible, \n          and have a strong correlation to the text on the page. If unsure, use observe before using act.\""
            },
            "variables": {
              "type": "object",
              "additionalProperties": true,
              "description": "Variables used in the action template. ONLY use variables if you're dealing \n            with sensitive data or dynamic content. For example, if you're logging in to a website, \n            you can use a variable for the password. When using variables, you MUST have the variable\n            key in the action template. For example: {\"action\": \"Fill in the password\", \"variables\": {\"password\": \"123456\"}}"
            }
          },
          "required": [
            "action"
          ]
        }
      },
      {
        "name": "stagehand_extract",
        "description": "Extracts all of the text from the current page.",
        "inputSchema": {
          "type": "object",
          "properties": {}
        }
      },
      {
        "name": "stagehand_observe",
        "description": "Observes elements on the web page. Use this tool to observe elements that you can later use in an action. Use observe instead of extract when dealing with actionable (interactable) elements rather than text. More often than not, you'll want to use extract instead of observe when dealing with scraping or extracting structured text.",
        "inputSchema": {
          "type": "object",
          "properties": {
            "instruction": {
              "type": "string",
              "description": "Instruction for observation (e.g., 'find the login button'). This instruction must be extremely specific."
            }
          },
          "required": [
            "instruction"
          ]
        }
      },
      {
        "name": "screenshot",
        "description": "Takes a screenshot of the current page. Use this tool to learn where you are on the page when controlling the browser with Stagehand. Only use this tool when the other tools are not sufficient to get the information you need.",
        "inputSchema": {
          "type": "object",
          "properties": {}
        }
      }
    ]
  }
}
[2025-07-08T10:12:55.448Z] [DEBUG] REQUEST: {
  "timestamp": "2025-07-08T10:12:55.448Z",
  "type": "ListTools"
}
[2025-07-08T10:12:55.448Z] [DEBUG] RESPONSE: {
  "timestamp": "2025-07-08T10:12:55.448Z",
  "type": "ListTools",
  "response": {
    "tools": [
      {
        "name": "stagehand_navigate",
        "description": "Navigate to a URL in the browser. Only use this tool with URLs you're confident will work and stay up to date. Otheriwse use https://google.com as the starting point",
        "inputSchema": {
          "type": "object",
          "properties": {
            "url": {
              "type": "string",
              "description": "The URL to navigate to"
            }
          },
          "required": [
            "url"
          ]
        }
      },
      {
        "name": "stagehand_act",
        "description": "Performs an action on a web page element. Act actions should be as atomic and \n      specific as possible, i.e. \"Click the sign in button\" or \"Type 'hello' into the search input\". \n      AVOID actions that are more than one step, i.e. \"Order me pizza\" or \"Send an email to Paul \n      asking him to call me\". ",
        "inputSchema": {
          "type": "object",
          "properties": {
            "action": {
              "type": "string",
              "description": "The action to perform. Should be as atomic and specific as possible, \n          i.e. 'Click the sign in button' or 'Type 'hello' into the search input'. AVOID actions that are more than one \n          step, i.e. 'Order me pizza' or 'Send an email to Paul asking him to call me'. The instruction should be just as specific as possible, \n          and have a strong correlation to the text on the page. If unsure, use observe before using act.\""
            },
            "variables": {
              "type": "object",
              "additionalProperties": true,
              "description": "Variables used in the action template. ONLY use variables if you're dealing \n            with sensitive data or dynamic content. For example, if you're logging in to a website, \n            you can use a variable for the password. When using variables, you MUST have the variable\n            key in the action template. For example: {\"action\": \"Fill in the password\", \"variables\": {\"password\": \"123456\"}}"
            }
          },
          "required": [
            "action"
          ]
        }
      },
      {
        "name": "stagehand_extract",
        "description": "Extracts all of the text from the current page.",
        "inputSchema": {
          "type": "object",
          "properties": {}
        }
      },
      {
        "name": "stagehand_observe",
        "description": "Observes elements on the web page. Use this tool to observe elements that you can later use in an action. Use observe instead of extract when dealing with actionable (interactable) elements rather than text. More often than not, you'll want to use extract instead of observe when dealing with scraping or extracting structured text.",
        "inputSchema": {
          "type": "object",
          "properties": {
            "instruction": {
              "type": "string",
              "description": "Instruction for observation (e.g., 'find the login button'). This instruction must be extremely specific."
            }
          },
          "required": [
            "instruction"
          ]
        }
      },
      {
        "name": "screenshot",
        "description": "Takes a screenshot of the current page. Use this tool to learn where you are on the page when controlling the browser with Stagehand. Only use this tool when the other tools are not sufficient to get the information you need.",
        "inputSchema": {
          "type": "object",
          "properties": {}
        }
      }
    ]
  }
}
[2025-07-08T10:19:55.995Z] [DEBUG] REQUEST: {
  "timestamp": "2025-07-08T10:19:55.995Z",
  "type": "ListTools"
}
[2025-07-08T10:19:55.995Z] [DEBUG] RESPONSE: {
  "timestamp": "2025-07-08T10:19:55.995Z",
  "type": "ListTools",
  "response": {
    "tools": [
      {
        "name": "stagehand_navigate",
        "description": "Navigate to a URL in the browser. Only use this tool with URLs you're confident will work and stay up to date. Otheriwse use https://google.com as the starting point",
        "inputSchema": {
          "type": "object",
          "properties": {
            "url": {
              "type": "string",
              "description": "The URL to navigate to"
            }
          },
          "required": [
            "url"
          ]
        }
      },
      {
        "name": "stagehand_act",
        "description": "Performs an action on a web page element. Act actions should be as atomic and \n      specific as possible, i.e. \"Click the sign in button\" or \"Type 'hello' into the search input\". \n      AVOID actions that are more than one step, i.e. \"Order me pizza\" or \"Send an email to Paul \n      asking him to call me\". ",
        "inputSchema": {
          "type": "object",
          "properties": {
            "action": {
              "type": "string",
              "description": "The action to perform. Should be as atomic and specific as possible, \n          i.e. 'Click the sign in button' or 'Type 'hello' into the search input'. AVOID actions that are more than one \n          step, i.e. 'Order me pizza' or 'Send an email to Paul asking him to call me'. The instruction should be just as specific as possible, \n          and have a strong correlation to the text on the page. If unsure, use observe before using act.\""
            },
            "variables": {
              "type": "object",
              "additionalProperties": true,
              "description": "Variables used in the action template. ONLY use variables if you're dealing \n            with sensitive data or dynamic content. For example, if you're logging in to a website, \n            you can use a variable for the password. When using variables, you MUST have the variable\n            key in the action template. For example: {\"action\": \"Fill in the password\", \"variables\": {\"password\": \"123456\"}}"
            }
          },
          "required": [
            "action"
          ]
        }
      },
      {
        "name": "stagehand_extract",
        "description": "Extracts all of the text from the current page.",
        "inputSchema": {
          "type": "object",
          "properties": {}
        }
      },
      {
        "name": "stagehand_observe",
        "description": "Observes elements on the web page. Use this tool to observe elements that you can later use in an action. Use observe instead of extract when dealing with actionable (interactable) elements rather than text. More often than not, you'll want to use extract instead of observe when dealing with scraping or extracting structured text.",
        "inputSchema": {
          "type": "object",
          "properties": {
            "instruction": {
              "type": "string",
              "description": "Instruction for observation (e.g., 'find the login button'). This instruction must be extremely specific."
            }
          },
          "required": [
            "instruction"
          ]
        }
      },
      {
        "name": "screenshot",
        "description": "Takes a screenshot of the current page. Use this tool to learn where you are on the page when controlling the browser with Stagehand. Only use this tool when the other tools are not sufficient to get the information you need.",
        "inputSchema": {
          "type": "object",
          "properties": {}
        }
      }
    ]
  }
}
[2025-07-08T10:19:55.996Z] [DEBUG] REQUEST: {
  "timestamp": "2025-07-08T10:19:55.996Z",
  "type": "ListTools"
}
[2025-07-08T10:19:55.996Z] [DEBUG] RESPONSE: {
  "timestamp": "2025-07-08T10:19:55.996Z",
  "type": "ListTools",
  "response": {
    "tools": [
      {
        "name": "stagehand_navigate",
        "description": "Navigate to a URL in the browser. Only use this tool with URLs you're confident will work and stay up to date. Otheriwse use https://google.com as the starting point",
        "inputSchema": {
          "type": "object",
          "properties": {
            "url": {
              "type": "string",
              "description": "The URL to navigate to"
            }
          },
          "required": [
            "url"
          ]
        }
      },
      {
        "name": "stagehand_act",
        "description": "Performs an action on a web page element. Act actions should be as atomic and \n      specific as possible, i.e. \"Click the sign in button\" or \"Type 'hello' into the search input\". \n      AVOID actions that are more than one step, i.e. \"Order me pizza\" or \"Send an email to Paul \n      asking him to call me\". ",
        "inputSchema": {
          "type": "object",
          "properties": {
            "action": {
              "type": "string",
              "description": "The action to perform. Should be as atomic and specific as possible, \n          i.e. 'Click the sign in button' or 'Type 'hello' into the search input'. AVOID actions that are more than one \n          step, i.e. 'Order me pizza' or 'Send an email to Paul asking him to call me'. The instruction should be just as specific as possible, \n          and have a strong correlation to the text on the page. If unsure, use observe before using act.\""
            },
            "variables": {
              "type": "object",
              "additionalProperties": true,
              "description": "Variables used in the action template. ONLY use variables if you're dealing \n            with sensitive data or dynamic content. For example, if you're logging in to a website, \n            you can use a variable for the password. When using variables, you MUST have the variable\n            key in the action template. For example: {\"action\": \"Fill in the password\", \"variables\": {\"password\": \"123456\"}}"
            }
          },
          "required": [
            "action"
          ]
        }
      },
      {
        "name": "stagehand_extract",
        "description": "Extracts all of the text from the current page.",
        "inputSchema": {
          "type": "object",
          "properties": {}
        }
      },
      {
        "name": "stagehand_observe",
        "description": "Observes elements on the web page. Use this tool to observe elements that you can later use in an action. Use observe instead of extract when dealing with actionable (interactable) elements rather than text. More often than not, you'll want to use extract instead of observe when dealing with scraping or extracting structured text.",
        "inputSchema": {
          "type": "object",
          "properties": {
            "instruction": {
              "type": "string",
              "description": "Instruction for observation (e.g., 'find the login button'). This instruction must be extremely specific."
            }
          },
          "required": [
            "instruction"
          ]
        }
      },
      {
        "name": "screenshot",
        "description": "Takes a screenshot of the current page. Use this tool to learn where you are on the page when controlling the browser with Stagehand. Only use this tool when the other tools are not sufficient to get the information you need.",
        "inputSchema": {
          "type": "object",
          "properties": {}
        }
      }
    ]
  }
}
[2025-07-08T10:19:57.306Z] [DEBUG] REQUEST: {
  "timestamp": "2025-07-08T10:19:57.306Z",
  "type": "CallTool",
  "params": {
    "name": "stagehand_navigate",
    "arguments": {
      "url": "https://madison-reed.sierra.ai/"
    }
  }
}
[2025-07-08T10:20:03.554Z] [DEBUG] RESPONSE: {
  "timestamp": "2025-07-08T10:20:03.554Z",
  "type": "CallTool",
  "response": {
    "content": [
      {
        "type": "text",
        "text": "Navigated to: https://madison-reed.sierra.ai/"
      },
      {
        "type": "text",
        "text": "View the live session here: https://browserbase.com/sessions/6297b095-0586-45d2-852f-96a400d2b7de"
      }
    ],
    "isError": false
  }
}
[2025-07-08T10:20:04.738Z] [DEBUG] REQUEST: {
  "timestamp": "2025-07-08T10:20:04.738Z",
  "type": "CallTool",
  "params": {
    "name": "stagehand_act",
    "arguments": {
      "action": "Type 'arianna.schwartz@madison-reed.com' into the email input"
    }
  }
}
[2025-07-08T10:20:26.639Z] [DEBUG] RESPONSE: {
  "timestamp": "2025-07-08T10:20:26.639Z",
  "type": "CallTool",
  "response": {
    "content": [
      {
        "type": "text",
        "text": "Action performed: Type 'arianna.schwartz@madison-reed.com' into the email input"
      }
    ],
    "isError": false
  }
}
[2025-07-08T10:20:27.493Z] [DEBUG] REQUEST: {
  "timestamp": "2025-07-08T10:20:27.493Z",
  "type": "CallTool",
  "params": {
    "name": "stagehand_act",
    "arguments": {
      "action": "Click the sign in button"
    }
  }
}
[2025-07-08T10:20:36.126Z] [DEBUG] RESPONSE: {
  "timestamp": "2025-07-08T10:20:36.126Z",
  "type": "CallTool",
  "response": {
    "content": [
      {
        "type": "text",
        "text": "Action performed: Click the sign in button"
      }
    ],
    "isError": false
  }
}
[2025-07-08T10:20:37.537Z] [DEBUG] REQUEST: {
  "timestamp": "2025-07-08T10:20:37.537Z",
  "type": "CallTool",
  "params": {
    "name": "stagehand_extract",
    "arguments": {}
  }
}
[2025-07-08T10:20:37.932Z] [DEBUG] RESPONSE: {
  "timestamp": "2025-07-08T10:20:37.932Z",
  "type": "CallTool",
  "response": {
    "content": [
      {
        "type": "text",
        "text": "Extracted content:\nCheck your email for a code\nWe sent a 6-character code to arianna.schwartz@madison-reed.com.\nVerify code"
      }
    ],
    "isError": false
  }
}
[2025-07-08T10:22:50.268Z] [DEBUG] REQUEST: {
  "timestamp": "2025-07-08T10:22:50.268Z",
  "type": "ListTools"
}
[2025-07-08T10:22:50.269Z] [DEBUG] RESPONSE: {
  "timestamp": "2025-07-08T10:22:50.269Z",
  "type": "ListTools",
  "response": {
    "tools": [
      {
        "name": "stagehand_navigate",
        "description": "Navigate to a URL in the browser. Only use this tool with URLs you're confident will work and stay up to date. Otheriwse use https://google.com as the starting point",
        "inputSchema": {
          "type": "object",
          "properties": {
            "url": {
              "type": "string",
              "description": "The URL to navigate to"
            }
          },
          "required": [
            "url"
          ]
        }
      },
      {
        "name": "stagehand_act",
        "description": "Performs an action on a web page element. Act actions should be as atomic and \n      specific as possible, i.e. \"Click the sign in button\" or \"Type 'hello' into the search input\". \n      AVOID actions that are more than one step, i.e. \"Order me pizza\" or \"Send an email to Paul \n      asking him to call me\". ",
        "inputSchema": {
          "type": "object",
          "properties": {
            "action": {
              "type": "string",
              "description": "The action to perform. Should be as atomic and specific as possible, \n          i.e. 'Click the sign in button' or 'Type 'hello' into the search input'. AVOID actions that are more than one \n          step, i.e. 'Order me pizza' or 'Send an email to Paul asking him to call me'. The instruction should be just as specific as possible, \n          and have a strong correlation to the text on the page. If unsure, use observe before using act.\""
            },
            "variables": {
              "type": "object",
              "additionalProperties": true,
              "description": "Variables used in the action template. ONLY use variables if you're dealing \n            with sensitive data or dynamic content. For example, if you're logging in to a website, \n            you can use a variable for the password. When using variables, you MUST have the variable\n            key in the action template. For example: {\"action\": \"Fill in the password\", \"variables\": {\"password\": \"123456\"}}"
            }
          },
          "required": [
            "action"
          ]
        }
      },
      {
        "name": "stagehand_extract",
        "description": "Extracts all of the text from the current page.",
        "inputSchema": {
          "type": "object",
          "properties": {}
        }
      },
      {
        "name": "stagehand_observe",
        "description": "Observes elements on the web page. Use this tool to observe elements that you can later use in an action. Use observe instead of extract when dealing with actionable (interactable) elements rather than text. More often than not, you'll want to use extract instead of observe when dealing with scraping or extracting structured text.",
        "inputSchema": {
          "type": "object",
          "properties": {
            "instruction": {
              "type": "string",
              "description": "Instruction for observation (e.g., 'find the login button'). This instruction must be extremely specific."
            }
          },
          "required": [
            "instruction"
          ]
        }
      },
      {
        "name": "screenshot",
        "description": "Takes a screenshot of the current page. Use this tool to learn where you are on the page when controlling the browser with Stagehand. Only use this tool when the other tools are not sufficient to get the information you need.",
        "inputSchema": {
          "type": "object",
          "properties": {}
        }
      }
    ]
  }
}
[2025-07-08T10:22:50.269Z] [DEBUG] REQUEST: {
  "timestamp": "2025-07-08T10:22:50.269Z",
  "type": "ListTools"
}
[2025-07-08T10:22:50.269Z] [DEBUG] RESPONSE: {
  "timestamp": "2025-07-08T10:22:50.269Z",
  "type": "ListTools",
  "response": {
    "tools": [
      {
        "name": "stagehand_navigate",
        "description": "Navigate to a URL in the browser. Only use this tool with URLs you're confident will work and stay up to date. Otheriwse use https://google.com as the starting point",
        "inputSchema": {
          "type": "object",
          "properties": {
            "url": {
              "type": "string",
              "description": "The URL to navigate to"
            }
          },
          "required": [
            "url"
          ]
        }
      },
      {
        "name": "stagehand_act",
        "description": "Performs an action on a web page element. Act actions should be as atomic and \n      specific as possible, i.e. \"Click the sign in button\" or \"Type 'hello' into the search input\". \n      AVOID actions that are more than one step, i.e. \"Order me pizza\" or \"Send an email to Paul \n      asking him to call me\". ",
        "inputSchema": {
          "type": "object",
          "properties": {
            "action": {
              "type": "string",
              "description": "The action to perform. Should be as atomic and specific as possible, \n          i.e. 'Click the sign in button' or 'Type 'hello' into the search input'. AVOID actions that are more than one \n          step, i.e. 'Order me pizza' or 'Send an email to Paul asking him to call me'. The instruction should be just as specific as possible, \n          and have a strong correlation to the text on the page. If unsure, use observe before using act.\""
            },
            "variables": {
              "type": "object",
              "additionalProperties": true,
              "description": "Variables used in the action template. ONLY use variables if you're dealing \n            with sensitive data or dynamic content. For example, if you're logging in to a website, \n            you can use a variable for the password. When using variables, you MUST have the variable\n            key in the action template. For example: {\"action\": \"Fill in the password\", \"variables\": {\"password\": \"123456\"}}"
            }
          },
          "required": [
            "action"
          ]
        }
      },
      {
        "name": "stagehand_extract",
        "description": "Extracts all of the text from the current page.",
        "inputSchema": {
          "type": "object",
          "properties": {}
        }
      },
      {
        "name": "stagehand_observe",
        "description": "Observes elements on the web page. Use this tool to observe elements that you can later use in an action. Use observe instead of extract when dealing with actionable (interactable) elements rather than text. More often than not, you'll want to use extract instead of observe when dealing with scraping or extracting structured text.",
        "inputSchema": {
          "type": "object",
          "properties": {
            "instruction": {
              "type": "string",
              "description": "Instruction for observation (e.g., 'find the login button'). This instruction must be extremely specific."
            }
          },
          "required": [
            "instruction"
          ]
        }
      },
      {
        "name": "screenshot",
        "description": "Takes a screenshot of the current page. Use this tool to learn where you are on the page when controlling the browser with Stagehand. Only use this tool when the other tools are not sufficient to get the information you need.",
        "inputSchema": {
          "type": "object",
          "properties": {}
        }
      }
    ]
  }
}
[2025-07-08T10:22:51.259Z] [DEBUG] REQUEST: {
  "timestamp": "2025-07-08T10:22:51.259Z",
  "type": "CallTool",
  "params": {
    "name": "stagehand_navigate",
    "arguments": {
      "url": "https://madison-reed.sierra.ai/"
    }
  }
}
[2025-07-08T10:22:53.904Z] [ERROR] Failed to initialize/reinitialize Stagehand: Cannot create proxy with a non-object as target or handler
[2025-07-08T10:22:55.627Z] [DEBUG] REQUEST: {
  "timestamp": "2025-07-08T10:22:55.627Z",
  "type": "CallTool",
  "params": {
    "name": "stagehand_navigate",
    "arguments": {
      "url": "https://google.com"
    }
  }
}
[2025-07-08T10:22:55.627Z] [ERROR] Failed to initialize/reinitialize Stagehand: You seem to be calling `page` on a page in an uninitialized `Stagehand` object. Ensure you are running `await stagehand.init()` on the Stagehand object before referencing the `page` object.
[2025-07-08T10:22:59.234Z] [DEBUG] REQUEST: {
  "timestamp": "2025-07-08T10:22:59.234Z",
  "type": "CallTool",
  "params": {
    "name": "stagehand_extract",
    "arguments": {}
  }
}
[2025-07-08T10:22:59.234Z] [ERROR] Failed to initialize/reinitialize Stagehand: You seem to be calling `page` on a page in an uninitialized `Stagehand` object. Ensure you are running `await stagehand.init()` on the Stagehand object before referencing the `page` object.
[2025-07-08T10:23:00.678Z] [DEBUG] REQUEST: {
  "timestamp": "2025-07-08T10:23:00.678Z",
  "type": "CallTool",
  "params": {
    "name": "stagehand_observe",
    "arguments": {
      "instruction": "find the email input field on the login page"
    }
  }
}
[2025-07-08T10:23:00.679Z] [ERROR] Failed to initialize/reinitialize Stagehand: You seem to be calling `page` on a page in an uninitialized `Stagehand` object. Ensure you are running `await stagehand.init()` on the Stagehand object before referencing the `page` object.
[2025-07-08T10:23:01.633Z] [DEBUG] REQUEST: {
  "timestamp": "2025-07-08T10:23:01.633Z",
  "type": "CallTool",
  "params": {
    "name": "screenshot",
    "arguments": {}
  }
}
[2025-07-08T10:23:01.633Z] [ERROR] Failed to initialize/reinitialize Stagehand: You seem to be calling `page` on a page in an uninitialized `Stagehand` object. Ensure you are running `await stagehand.init()` on the Stagehand object before referencing the `page` object.
[2025-07-08T10:24:48.162Z] [DEBUG] REQUEST: {
  "timestamp": "2025-07-08T10:24:48.162Z",
  "type": "ListTools"
}
[2025-07-08T10:24:48.162Z] [DEBUG] RESPONSE: {
  "timestamp": "2025-07-08T10:24:48.162Z",
  "type": "ListTools",
  "response": {
    "tools": [
      {
        "name": "stagehand_navigate",
        "description": "Navigate to a URL in the browser. Only use this tool with URLs you're confident will work and stay up to date. Otheriwse use https://google.com as the starting point",
        "inputSchema": {
          "type": "object",
          "properties": {
            "url": {
              "type": "string",
              "description": "The URL to navigate to"
            }
          },
          "required": [
            "url"
          ]
        }
      },
      {
        "name": "stagehand_act",
        "description": "Performs an action on a web page element. Act actions should be as atomic and \n      specific as possible, i.e. \"Click the sign in button\" or \"Type 'hello' into the search input\". \n      AVOID actions that are more than one step, i.e. \"Order me pizza\" or \"Send an email to Paul \n      asking him to call me\". ",
        "inputSchema": {
          "type": "object",
          "properties": {
            "action": {
              "type": "string",
              "description": "The action to perform. Should be as atomic and specific as possible, \n          i.e. 'Click the sign in button' or 'Type 'hello' into the search input'. AVOID actions that are more than one \n          step, i.e. 'Order me pizza' or 'Send an email to Paul asking him to call me'. The instruction should be just as specific as possible, \n          and have a strong correlation to the text on the page. If unsure, use observe before using act.\""
            },
            "variables": {
              "type": "object",
              "additionalProperties": true,
              "description": "Variables used in the action template. ONLY use variables if you're dealing \n            with sensitive data or dynamic content. For example, if you're logging in to a website, \n            you can use a variable for the password. When using variables, you MUST have the variable\n            key in the action template. For example: {\"action\": \"Fill in the password\", \"variables\": {\"password\": \"123456\"}}"
            }
          },
          "required": [
            "action"
          ]
        }
      },
      {
        "name": "stagehand_extract",
        "description": "Extracts all of the text from the current page.",
        "inputSchema": {
          "type": "object",
          "properties": {}
        }
      },
      {
        "name": "stagehand_observe",
        "description": "Observes elements on the web page. Use this tool to observe elements that you can later use in an action. Use observe instead of extract when dealing with actionable (interactable) elements rather than text. More often than not, you'll want to use extract instead of observe when dealing with scraping or extracting structured text.",
        "inputSchema": {
          "type": "object",
          "properties": {
            "instruction": {
              "type": "string",
              "description": "Instruction for observation (e.g., 'find the login button'). This instruction must be extremely specific."
            }
          },
          "required": [
            "instruction"
          ]
        }
      },
      {
        "name": "screenshot",
        "description": "Takes a screenshot of the current page. Use this tool to learn where you are on the page when controlling the browser with Stagehand. Only use this tool when the other tools are not sufficient to get the information you need.",
        "inputSchema": {
          "type": "object",
          "properties": {}
        }
      }
    ]
  }
}
[2025-07-08T10:24:48.163Z] [DEBUG] REQUEST: {
  "timestamp": "2025-07-08T10:24:48.163Z",
  "type": "ListTools"
}
[2025-07-08T10:24:48.163Z] [DEBUG] RESPONSE: {
  "timestamp": "2025-07-08T10:24:48.163Z",
  "type": "ListTools",
  "response": {
    "tools": [
      {
        "name": "stagehand_navigate",
        "description": "Navigate to a URL in the browser. Only use this tool with URLs you're confident will work and stay up to date. Otheriwse use https://google.com as the starting point",
        "inputSchema": {
          "type": "object",
          "properties": {
            "url": {
              "type": "string",
              "description": "The URL to navigate to"
            }
          },
          "required": [
            "url"
          ]
        }
      },
      {
        "name": "stagehand_act",
        "description": "Performs an action on a web page element. Act actions should be as atomic and \n      specific as possible, i.e. \"Click the sign in button\" or \"Type 'hello' into the search input\". \n      AVOID actions that are more than one step, i.e. \"Order me pizza\" or \"Send an email to Paul \n      asking him to call me\". ",
        "inputSchema": {
          "type": "object",
          "properties": {
            "action": {
              "type": "string",
              "description": "The action to perform. Should be as atomic and specific as possible, \n          i.e. 'Click the sign in button' or 'Type 'hello' into the search input'. AVOID actions that are more than one \n          step, i.e. 'Order me pizza' or 'Send an email to Paul asking him to call me'. The instruction should be just as specific as possible, \n          and have a strong correlation to the text on the page. If unsure, use observe before using act.\""
            },
            "variables": {
              "type": "object",
              "additionalProperties": true,
              "description": "Variables used in the action template. ONLY use variables if you're dealing \n            with sensitive data or dynamic content. For example, if you're logging in to a website, \n            you can use a variable for the password. When using variables, you MUST have the variable\n            key in the action template. For example: {\"action\": \"Fill in the password\", \"variables\": {\"password\": \"123456\"}}"
            }
          },
          "required": [
            "action"
          ]
        }
      },
      {
        "name": "stagehand_extract",
        "description": "Extracts all of the text from the current page.",
        "inputSchema": {
          "type": "object",
          "properties": {}
        }
      },
      {
        "name": "stagehand_observe",
        "description": "Observes elements on the web page. Use this tool to observe elements that you can later use in an action. Use observe instead of extract when dealing with actionable (interactable) elements rather than text. More often than not, you'll want to use extract instead of observe when dealing with scraping or extracting structured text.",
        "inputSchema": {
          "type": "object",
          "properties": {
            "instruction": {
              "type": "string",
              "description": "Instruction for observation (e.g., 'find the login button'). This instruction must be extremely specific."
            }
          },
          "required": [
            "instruction"
          ]
        }
      },
      {
        "name": "screenshot",
        "description": "Takes a screenshot of the current page. Use this tool to learn where you are on the page when controlling the browser with Stagehand. Only use this tool when the other tools are not sufficient to get the information you need.",
        "inputSchema": {
          "type": "object",
          "properties": {}
        }
      }
    ]
  }
}
[2025-07-08T10:24:49.322Z] [DEBUG] REQUEST: {
  "timestamp": "2025-07-08T10:24:49.322Z",
  "type": "CallTool",
  "params": {
    "name": "stagehand_navigate",
    "arguments": {
      "url": "https://madison-reed.sierra.ai/"
    }
  }
}
[2025-07-08T10:24:52.229Z] [ERROR] Failed to initialize/reinitialize Stagehand: Cannot create proxy with a non-object as target or handler
[2025-07-08T10:24:56.299Z] [DEBUG] REQUEST: {
  "timestamp": "2025-07-08T10:24:56.299Z",
  "type": "CallTool",
  "params": {
    "name": "stagehand_navigate",
    "arguments": {
      "url": "https://google.com"
    }
  }
}
[2025-07-08T10:24:56.299Z] [ERROR] Failed to initialize/reinitialize Stagehand: You seem to be calling `page` on a page in an uninitialized `Stagehand` object. Ensure you are running `await stagehand.init()` on the Stagehand object before referencing the `page` object.
[2025-07-08T10:26:35.481Z] [DEBUG] REQUEST: {
  "timestamp": "2025-07-08T10:26:35.481Z",
  "type": "ListTools"
}
[2025-07-08T10:26:35.482Z] [DEBUG] RESPONSE: {
  "timestamp": "2025-07-08T10:26:35.482Z",
  "type": "ListTools",
  "response": {
    "tools": [
      {
        "name": "stagehand_navigate",
        "description": "Navigate to a URL in the browser. Only use this tool with URLs you're confident will work and stay up to date. Otheriwse use https://google.com as the starting point",
        "inputSchema": {
          "type": "object",
          "properties": {
            "url": {
              "type": "string",
              "description": "The URL to navigate to"
            }
          },
          "required": [
            "url"
          ]
        }
      },
      {
        "name": "stagehand_act",
        "description": "Performs an action on a web page element. Act actions should be as atomic and \n      specific as possible, i.e. \"Click the sign in button\" or \"Type 'hello' into the search input\". \n      AVOID actions that are more than one step, i.e. \"Order me pizza\" or \"Send an email to Paul \n      asking him to call me\". ",
        "inputSchema": {
          "type": "object",
          "properties": {
            "action": {
              "type": "string",
              "description": "The action to perform. Should be as atomic and specific as possible, \n          i.e. 'Click the sign in button' or 'Type 'hello' into the search input'. AVOID actions that are more than one \n          step, i.e. 'Order me pizza' or 'Send an email to Paul asking him to call me'. The instruction should be just as specific as possible, \n          and have a strong correlation to the text on the page. If unsure, use observe before using act.\""
            },
            "variables": {
              "type": "object",
              "additionalProperties": true,
              "description": "Variables used in the action template. ONLY use variables if you're dealing \n            with sensitive data or dynamic content. For example, if you're logging in to a website, \n            you can use a variable for the password. When using variables, you MUST have the variable\n            key in the action template. For example: {\"action\": \"Fill in the password\", \"variables\": {\"password\": \"123456\"}}"
            }
          },
          "required": [
            "action"
          ]
        }
      },
      {
        "name": "stagehand_extract",
        "description": "Extracts all of the text from the current page.",
        "inputSchema": {
          "type": "object",
          "properties": {}
        }
      },
      {
        "name": "stagehand_observe",
        "description": "Observes elements on the web page. Use this tool to observe elements that you can later use in an action. Use observe instead of extract when dealing with actionable (interactable) elements rather than text. More often than not, you'll want to use extract instead of observe when dealing with scraping or extracting structured text.",
        "inputSchema": {
          "type": "object",
          "properties": {
            "instruction": {
              "type": "string",
              "description": "Instruction for observation (e.g., 'find the login button'). This instruction must be extremely specific."
            }
          },
          "required": [
            "instruction"
          ]
        }
      },
      {
        "name": "screenshot",
        "description": "Takes a screenshot of the current page. Use this tool to learn where you are on the page when controlling the browser with Stagehand. Only use this tool when the other tools are not sufficient to get the information you need.",
        "inputSchema": {
          "type": "object",
          "properties": {}
        }
      }
    ]
  }
}
[2025-07-08T10:26:35.482Z] [DEBUG] REQUEST: {
  "timestamp": "2025-07-08T10:26:35.482Z",
  "type": "ListTools"
}
[2025-07-08T10:26:35.482Z] [DEBUG] RESPONSE: {
  "timestamp": "2025-07-08T10:26:35.482Z",
  "type": "ListTools",
  "response": {
    "tools": [
      {
        "name": "stagehand_navigate",
        "description": "Navigate to a URL in the browser. Only use this tool with URLs you're confident will work and stay up to date. Otheriwse use https://google.com as the starting point",
        "inputSchema": {
          "type": "object",
          "properties": {
            "url": {
              "type": "string",
              "description": "The URL to navigate to"
            }
          },
          "required": [
            "url"
          ]
        }
      },
      {
        "name": "stagehand_act",
        "description": "Performs an action on a web page element. Act actions should be as atomic and \n      specific as possible, i.e. \"Click the sign in button\" or \"Type 'hello' into the search input\". \n      AVOID actions that are more than one step, i.e. \"Order me pizza\" or \"Send an email to Paul \n      asking him to call me\". ",
        "inputSchema": {
          "type": "object",
          "properties": {
            "action": {
              "type": "string",
              "description": "The action to perform. Should be as atomic and specific as possible, \n          i.e. 'Click the sign in button' or 'Type 'hello' into the search input'. AVOID actions that are more than one \n          step, i.e. 'Order me pizza' or 'Send an email to Paul asking him to call me'. The instruction should be just as specific as possible, \n          and have a strong correlation to the text on the page. If unsure, use observe before using act.\""
            },
            "variables": {
              "type": "object",
              "additionalProperties": true,
              "description": "Variables used in the action template. ONLY use variables if you're dealing \n            with sensitive data or dynamic content. For example, if you're logging in to a website, \n            you can use a variable for the password. When using variables, you MUST have the variable\n            key in the action template. For example: {\"action\": \"Fill in the password\", \"variables\": {\"password\": \"123456\"}}"
            }
          },
          "required": [
            "action"
          ]
        }
      },
      {
        "name": "stagehand_extract",
        "description": "Extracts all of the text from the current page.",
        "inputSchema": {
          "type": "object",
          "properties": {}
        }
      },
      {
        "name": "stagehand_observe",
        "description": "Observes elements on the web page. Use this tool to observe elements that you can later use in an action. Use observe instead of extract when dealing with actionable (interactable) elements rather than text. More often than not, you'll want to use extract instead of observe when dealing with scraping or extracting structured text.",
        "inputSchema": {
          "type": "object",
          "properties": {
            "instruction": {
              "type": "string",
              "description": "Instruction for observation (e.g., 'find the login button'). This instruction must be extremely specific."
            }
          },
          "required": [
            "instruction"
          ]
        }
      },
      {
        "name": "screenshot",
        "description": "Takes a screenshot of the current page. Use this tool to learn where you are on the page when controlling the browser with Stagehand. Only use this tool when the other tools are not sufficient to get the information you need.",
        "inputSchema": {
          "type": "object",
          "properties": {}
        }
      }
    ]
  }
}
[2025-07-08T10:26:36.786Z] [DEBUG] REQUEST: {
  "timestamp": "2025-07-08T10:26:36.786Z",
  "type": "CallTool",
  "params": {
    "name": "stagehand_navigate",
    "arguments": {
      "url": "https://madison-reed.sierra.ai"
    }
  }
}
[2025-07-08T10:26:42.924Z] [DEBUG] RESPONSE: {
  "timestamp": "2025-07-08T10:26:42.924Z",
  "type": "CallTool",
  "response": {
    "content": [
      {
        "type": "text",
        "text": "Navigated to: https://madison-reed.sierra.ai"
      },
      {
        "type": "text",
        "text": "View the live session here: https://browserbase.com/sessions/a1c1003e-45be-4772-8939-47f0e015f3a4"
      }
    ],
    "isError": false
  }
}
[2025-07-08T10:26:44.205Z] [DEBUG] REQUEST: {
  "timestamp": "2025-07-08T10:26:44.205Z",
  "type": "CallTool",
  "params": {
    "name": "stagehand_act",
    "arguments": {
      "action": "Type 'arianna.schwartz@madison-reed.com' into the email field"
    }
  }
}
[2025-07-08T10:27:06.526Z] [DEBUG] RESPONSE: {
  "timestamp": "2025-07-08T10:27:06.526Z",
  "type": "CallTool",
  "response": {
    "content": [
      {
        "type": "text",
        "text": "Action performed: Type 'arianna.schwartz@madison-reed.com' into the email field"
      }
    ],
    "isError": false
  }
}
[2025-07-08T10:27:07.620Z] [DEBUG] REQUEST: {
  "timestamp": "2025-07-08T10:27:07.620Z",
  "type": "CallTool",
  "params": {
    "name": "stagehand_act",
    "arguments": {
      "action": "Click the sign in button"
    }
  }
}
[2025-07-08T10:27:15.998Z] [DEBUG] RESPONSE: {
  "timestamp": "2025-07-08T10:27:15.998Z",
  "type": "CallTool",
  "response": {
    "content": [
      {
        "type": "text",
        "text": "Action performed: Click the sign in button"
      }
    ],
    "isError": false
  }
}
[2025-07-08T10:27:17.046Z] [DEBUG] REQUEST: {
  "timestamp": "2025-07-08T10:27:17.046Z",
  "type": "CallTool",
  "params": {
    "name": "stagehand_observe",
    "arguments": {
      "instruction": "Observe the outcome of the login attempt after clicking the sign in button"
    }
  }
}
[2025-07-08T10:27:22.401Z] [DEBUG] RESPONSE: {
  "timestamp": "2025-07-08T10:27:22.401Z",
  "type": "CallTool",
  "response": {
    "content": [
      {
        "type": "text",
        "text": "Observations: [{\"description\":\"Heading indicating the user should check their email for a code, suggesting the login attempt requires email verification.\",\"selector\":\"xpath=/html/body[1]/div[2]/form[1]/h1[1]\"},{\"description\":\"Static text explaining that a 6-character code has been sent to the user's email, indicating the next step in the login process.\",\"selector\":\"xpath=/html/body[1]/div[2]/form[1]/p[1]\"},{\"description\":\"Static text displaying the user's email address where the code has been sent, confirming the email used for login.\",\"selector\":\"xpath=/html/body[1]/div[2]/form[1]/p[1]/b[1]\"}]"
      }
    ],
    "isError": false
  }
}
